"C:\Program Files\JetBrains\CLion 2019.3.5\bin\cmake\win\bin\cmake.exe" -DCMAKE_BUILD_TYPE=Debug -G "CodeBlocks - MinGW Makefiles" D:\Labs\lab-08-asio-client
-- The C compiler identification is GNU 9.2.0
-- The CXX compiler identification is GNU 9.2.0
-- Check for working C compiler: C:/MinGW/bin/gcc.exe
-- Check for working C compiler: C:/MinGW/bin/gcc.exe -- works
-- Detecting C compiler ABI info
-- Detecting C compiler ABI info - done
-- Detecting C compile features
-- Detecting C compile features - done
-- Check for working CXX compiler: C:/MinGW/bin/g++.exe
-- Check for working CXX compiler: C:/MinGW/bin/g++.exe -- works
-- Detecting CXX compiler ABI info
-- Detecting CXX compiler ABI info - done
-- Detecting CXX compile features
-- Detecting CXX compile features - done
-- [hunter] Calculating Toolchain-SHA1
-- [hunter] Calculating Config-SHA1
-- [hunter] HUNTER_ROOT: C:/.hunter
-- [hunter] [ Hunter-ID: 9a3594a | Toolchain-ID: 38889d0 | Config-ID: 2c875e7 ]
-- [hunter] GTEST_ROOT: C:/.hunter/_Base/9a3594a/38889d0/2c875e7/Install (ver.: 1.8.0-hunter-p11)
-- [hunter] Building GTest
loading initial cache file C:/.hunter/_Base/9a3594a/38889d0/2c875e7/cache.cmake
loading initial cache file C:/.hunter/_Base/9a3594a/38889d0/2c875e7/Build/GTest/args.cmake
-- The C compiler identification is GNU 9.2.0
-- The CXX compiler identification is GNU 9.2.0
-- Check for working C compiler: C:/MinGW/bin/gcc.exe
-- Check for working C compiler: C:/MinGW/bin/gcc.exe -- works
-- Detecting C compile features
-- Detecting C compile features - done
-- Check for working CXX compiler: C:/MinGW/bin/g++.exe
-- Check for working CXX compiler: C:/MinGW/bin/g++.exe -- works
-- Detecting CXX compile features
-- Detecting CXX compile features - done
-- Configuring done
-- Generating done
-- Build files have been written to: C:/.hunter/_Base/9a3594a/38889d0/2c875e7/Build/GTest/Build
Scanning dependencies of target GTest-Release
[  6%] Creating directories for 'GTest-Release'
[ 12%] Performing download step (download, verify and extract) for 'GTest-Release'
-- verifying file...
       file='C:/.hunter/_Base/Download/GTest/1.8.0-hunter-p11/76c6aec/1.8.0-hunter-p11.tar.gz'
-- File already exists and hash match (skip download):
  file='C:/.hunter/_Base/Download/GTest/1.8.0-hunter-p11/76c6aec/1.8.0-hunter-p11.tar.gz'
  SHA1='76c6aec038f7d7258bf5c4f45c4817b34039d285'
-- extracting...
     src='C:/.hunter/_Base/Download/GTest/1.8.0-hunter-p11/76c6aec/1.8.0-hunter-p11.tar.gz'
     dst='C:/.hunter/_Base/9a3594a/38889d0/2c875e7/Build/GTest/Source'
-- extracting... [tar xfz]
-- extracting... [analysis]
-- extracting... [rename]
-- extracting... [clean up]
-- extracting... done
[ 18%] No patch step for 'GTest-Release'
[ 25%] No update step for 'GTest-Release'
[ 31%] Performing configure step for 'GTest-Release'
loading initial cache file C:/.hunter/_Base/9a3594a/38889d0/2c875e7/cache.cmake
loading initial cache file C:/.hunter/_Base/9a3594a/38889d0/2c875e7/Build/GTest/args.cmake
-- The C compiler identification is GNU 9.2.0
-- The CXX compiler identification is GNU 9.2.0
-- Check for working C compiler: C:/MinGW/bin/gcc.exe
-- Check for working C compiler: C:/MinGW/bin/gcc.exe -- works
-- Detecting C compile features
-- Detecting C compile features - done
-- Check for working CXX compiler: C:/MinGW/bin/g++.exe
-- Check for working CXX compiler: C:/MinGW/bin/g++.exe -- works
-- Detecting CXX compile features
-- Detecting CXX compile features - done
-- Found PythonInterp: C:/Users/loltm/AppData/Local/Programs/Python/Python38-32/python.exe (found version "3.8.1") 
-- Configuring done
-- Generating done
-- Build files have been written to: C:/.hunter/_Base/9a3594a/38889d0/2c875e7/Build/GTest/Build/GTest-Release-prefix/src/GTest-Release-build
[ 37%] Performing build step for 'GTest-Release'
Scanning dependencies of target gtest
[  9%] Building CXX object googlemock/gtest/CMakeFiles/gtest.dir/src/gtest-all.cc.obj
Scanning dependencies of target gmock
Scanning dependencies of target gmock_main
[ 18%] Building CXX object googlemock/CMakeFiles/gmock.dir/__/googletest/src/gtest-all.cc.obj
[ 36%] Building CXX object googlemock/CMakeFiles/gmock_main.dir/__/googletest/src/gtest-all.cc.obj
[ 36%] Building CXX object googlemock/CMakeFiles/gmock.dir/src/gmock-all.cc.obj
[ 45%] Building CXX object googlemock/CMakeFiles/gmock_main.dir/src/gmock-all.cc.obj
[ 54%] Building CXX object googlemock/CMakeFiles/gmock_main.dir/src/gmock_main.cc.obj
In file included from C:\.hunter\_Base\9a3594a\38889d0\2c875e7\Build\GTest\Source\googletest\src\gtest-all.cc:42:
C:/.hunter/_Base/9a3594a/38889d0/2c875e7/Build/GTest/Source/googletest/src/gtest.cc: In function 'testing::internal::TimeInMillis testing::internal::GetTimeInMillis()':
C:/.hunter/_Base/9a3594a/38889d0/2c875e7/Build/GTest/Source/googletest/src/gtest.cc:840:26: error: 'int gettimeofday(timeval*, void*)' is deprecated [-Werror=deprecated-declarations]
  840 |   gettimeofday(&now, NULL);
      |                          ^
In file included from C:/.hunter/_Base/9a3594a/38889d0/2c875e7/Build/GTest/Source/googletest/src/gtest.cc:103,
                 from C:\.hunter\_Base\9a3594a\38889d0\2c875e7\Build\GTest\Source\googletest\src\gtest-all.cc:42:
c:\mingw\include\sys\time.h:106:53: note: declared here
  106 | int __cdecl __MINGW_NOTHROW __POSIX_2008_DEPRECATED gettimeofday
      |                                                     ^~~~~~~~~~~~
In file included from C:\.hunter\_Base\9a3594a\38889d0\2c875e7\Build\GTest\Source\googletest\src\gtest-all.cc:42:
C:/.hunter/_Base/9a3594a/38889d0/2c875e7/Build/GTest/Source/googletest/src/gtest.cc:840:26: error: 'int gettimeofday(timeval*, void*)' is deprecated [-Werror=deprecated-declarations]
  840 |   gettimeofday(&now, NULL);
      |                          ^
In file included from C:/.hunter/_Base/9a3594a/38889d0/2c875e7/Build/GTest/Source/googletest/src/gtest.cc:103,
                 from C:\.hunter\_Base\9a3594a\38889d0\2c875e7\Build\GTest\Source\googletest\src\gtest-all.cc:42:
c:\mingw\include\sys\time.h:106:53: note: declared here
  106 | int __cdecl __MINGW_NOTHROW __POSIX_2008_DEPRECATED gettimeofday
      |                                                     ^~~~~~~~~~~~
In file included from C:\.hunter\_Base\9a3594a\38889d0\2c875e7\Build\GTest\Source\googletest\src\gtest-all.cc:42:
C:/.hunter/_Base/9a3594a/38889d0/2c875e7/Build/GTest/Source/googletest/src/gtest.cc: In function 'testing::internal::TimeInMillis testing::internal::GetTimeInMillis()':
C:/.hunter/_Base/9a3594a/38889d0/2c875e7/Build/GTest/Source/googletest/src/gtest.cc:840:26: error: 'int gettimeofday(timeval*, void*)' is deprecated [-Werror=deprecated-declarations]
  840 |   gettimeofday(&now, NULL);
      |                          ^
In file included from C:/.hunter/_Base/9a3594a/38889d0/2c875e7/Build/GTest/Source/googletest/src/gtest.cc:103,
                 from C:\.hunter\_Base\9a3594a\38889d0\2c875e7\Build\GTest\Source\googletest\src\gtest-all.cc:42:
c:\mingw\include\sys\time.h:106:53: note: declared here
  106 | int __cdecl __MINGW_NOTHROW __POSIX_2008_DEPRECATED gettimeofday
      |                                                     ^~~~~~~~~~~~
In file included from C:\.hunter\_Base\9a3594a\38889d0\2c875e7\Build\GTest\Source\googletest\src\gtest-all.cc:42:
C:/.hunter/_Base/9a3594a/38889d0/2c875e7/Build/GTest/Source/googletest/src/gtest.cc:840:26: error: 'int gettimeofday(timeval*, void*)' is deprecated [-Werror=deprecated-declarations]
  840 |   gettimeofday(&now, NULL);
      |                          ^
In file included from C:/.hunter/_Base/9a3594a/38889d0/2c875e7/Build/GTest/Source/googletest/src/gtest.cc:103,
                 from C:\.hunter\_Base\9a3594a\38889d0\2c875e7\Build\GTest\Source\googletest\src\gtest-all.cc:42:
c:\mingw\include\sys\time.h:106:53: note: declared here
  106 | int __cdecl __MINGW_NOTHROW __POSIX_2008_DEPRECATED gettimeofday
      |                                                     ^~~~~~~~~~~~
In file included from C:\.hunter\_Base\9a3594a\38889d0\2c875e7\Build\GTest\Source\googletest\src\gtest-all.cc:42:
C:/.hunter/_Base/9a3594a/38889d0/2c875e7/Build/GTest/Source/googletest/src/gtest.cc: In function 'testing::internal::TimeInMillis testing::internal::GetTimeInMillis()':
C:/.hunter/_Base/9a3594a/38889d0/2c875e7/Build/GTest/Source/googletest/src/gtest.cc:840:26: error: 'int gettimeofday(timeval*, void*)' is deprecated [-Werror=deprecated-declarations]
  840 |   gettimeofday(&now, NULL);
      |                          ^
In file included from C:/.hunter/_Base/9a3594a/38889d0/2c875e7/Build/GTest/Source/googletest/src/gtest.cc:103,
                 from C:\.hunter\_Base\9a3594a\38889d0\2c875e7\Build\GTest\Source\googletest\src\gtest-all.cc:42:
c:\mingw\include\sys\time.h:106:53: note: declared here
  106 | int __cdecl __MINGW_NOTHROW __POSIX_2008_DEPRECATED gettimeofday
      |                                                     ^~~~~~~~~~~~
In file included from C:\.hunter\_Base\9a3594a\38889d0\2c875e7\Build\GTest\Source\googletest\src\gtest-all.cc:42:
C:/.hunter/_Base/9a3594a/38889d0/2c875e7/Build/GTest/Source/googletest/src/gtest.cc:840:26: error: 'int gettimeofday(timeval*, void*)' is deprecated [-Werror=deprecated-declarations]
  840 |   gettimeofday(&now, NULL);
      |                          ^
In file included from C:/.hunter/_Base/9a3594a/38889d0/2c875e7/Build/GTest/Source/googletest/src/gtest.cc:103,
                 from C:\.hunter\_Base\9a3594a\38889d0\2c875e7\Build\GTest\Source\googletest\src\gtest-all.cc:42:
c:\mingw\include\sys\time.h:106:53: note: declared here
  106 | int __cdecl __MINGW_NOTHROW __POSIX_2008_DEPRECATED gettimeofday
      |                                                     ^~~~~~~~~~~~
In file included from C:/.hunter/_Base/9a3594a/38889d0/2c875e7/Build/GTest/Source/googlemock/include/gmock/gmock-spec-builders.h:75,
                 from C:/.hunter/_Base/9a3594a/38889d0/2c875e7/Build/GTest/Source/googlemock/include/gmock/gmock-generated-function-mockers.h:43,
                 from C:/.hunter/_Base/9a3594a/38889d0/2c875e7/Build/GTest/Source/googlemock/include/gmock/gmock.h:61,
                 from C:\.hunter\_Base\9a3594a\38889d0\2c875e7\Build\GTest\Source\googlemock\src\gmock-all.cc:40:
C:/.hunter/_Base/9a3594a/38889d0/2c875e7/Build/GTest/Source/googlemock/include/gmock/gmock-matchers.h: In instantiation of 'testing::PolymorphicMatcher<Impl>::PolymorphicMatcher(const Impl&) [with Impl = testing::internal::StrEqualityMatcher<std::__cxx11::basic_string<char> >]':
C:/.hunter/_Base/9a3594a/38889d0/2c875e7/Build/GTest/Source/googlemock/include/gmock/gmock-matchers.h:497:10:   required from 'testing::PolymorphicMatcher<Impl> testing::MakePolymorphicMatcher(const Impl&) [with Impl = testing::internal::StrEqualityMatcher<std::__cxx11::basic_string<char> >]'
C:/.hunter/_Base/9a3594a/38889d0/2c875e7/Build/GTest/Source/googlemock/include/gmock/gmock-matchers.h:3975:65:   required from here
C:/.hunter/_Base/9a3594a/38889d0/2c875e7/Build/GTest/Source/googlemock/include/gmock/gmock-matchers.h:432:67: error: implicitly-declared 'testing::internal::StrEqualityMatcher<std::__cxx11::basic_string<char> >::StrEqualityMatcher(const testing::internal::StrEqualityMatcher<std::__cxx11::basic_string<char> >&)' is deprecated [-Werror=deprecated-copy]
  432 |   explicit PolymorphicMatcher(const Impl& an_impl) : impl_(an_impl) {}
      |                                                                   ^
In file included from C:/.hunter/_Base/9a3594a/38889d0/2c875e7/Build/GTest/Source/googletest/include/gtest/internal/gtest-linked_ptr.h:74,
                 from C:/.hunter/_Base/9a3594a/38889d0/2c875e7/Build/GTest/Source/googlemock/include/gmock/internal/gmock-port.h:53,
                 from C:/.hunter/_Base/9a3594a/38889d0/2c875e7/Build/GTest/Source/googlemock/include/gmock/internal/gmock-generated-internal-utils.h:44,
                 from C:/.hunter/_Base/9a3594a/38889d0/2c875e7/Build/GTest/Source/googlemock/include/gmock/internal/gmock-internal-utils.h:45,
                 from C:/.hunter/_Base/9a3594a/38889d0/2c875e7/Build/GTest/Source/googlemock/include/gmock/gmock-actions.h:46,
                 from C:/.hunter/_Base/9a3594a/38889d0/2c875e7/Build/GTest/Source/googlemock/include/gmock/gmock.h:58,
                 from C:\.hunter\_Base\9a3594a\38889d0\2c875e7\Build\GTest\Source\googlemock\src\gmock-all.cc:40:
C:/.hunter/_Base/9a3594a/38889d0/2c875e7/Build/GTest/Source/googletest/include/gtest/internal/gtest-port.h:908:8: note: because 'testing::internal::StrEqualityMatcher<std::__cxx11::basic_string<char> >' has user-provided 'void testing::internal::StrEqualityMatcher<StringType>::operator=(const testing::internal::StrEqualityMatcher<StringType>&) [with StringType = std::__cxx11::basic_string<char>]'
  908 |   void operator=(type const &)
      |        ^~~~~~~~
C:/.hunter/_Base/9a3594a/38889d0/2c875e7/Build/GTest/Source/googlemock/include/gmock/gmock-matchers.h:1180:3: note: in expansion of macro 'GTEST_DISALLOW_ASSIGN_'
 1180 |   GTEST_DISALLOW_ASSIGN_(StrEqualityMatcher);
      |   ^~~~~~~~~~~~~~~~~~~~~~
In file included from C:/.hunter/_Base/9a3594a/38889d0/2c875e7/Build/GTest/Source/googlemock/include/gmock/gmock-spec-builders.h:75,
                 from C:/.hunter/_Base/9a3594a/38889d0/2c875e7/Build/GTest/Source/googlemock/include/gmock/gmock-generated-function-mockers.h:43,
                 from C:/.hunter/_Base/9a3594a/38889d0/2c875e7/Build/GTest/Source/googlemock/include/gmock/gmock.h:61,
                 from C:\.hunter\_Base\9a3594a\38889d0\2c875e7\Build\GTest\Source\googlemock\src\gmock-all.cc:40:
C:/.hunter/_Base/9a3594a/38889d0/2c875e7/Build/GTest/Source/googlemock/include/gmock/gmock-matchers.h: In instantiation of 'testing::PolymorphicMatcher<Impl>::PolymorphicMatcher(const Impl&) [with Impl = testing::internal::HasSubstrMatcher<std::__cxx11::basic_string<char> >]':
C:/.hunter/_Base/9a3594a/38889d0/2c875e7/Build/GTest/Source/googlemock/include/gmock/gmock-matchers.h:497:10:   required from 'testing::PolymorphicMatcher<Impl> testing::MakePolymorphicMatcher(const Impl&) [with Impl = testing::internal::HasSubstrMatcher<std::__cxx11::basic_string<char> >]'
C:/.hunter/_Base/9a3594a/38889d0/2c875e7/Build/GTest/Source/googlemock/include/gmock/gmock-matchers.h:4004:57:   required from here
C:/.hunter/_Base/9a3594a/38889d0/2c875e7/Build/GTest/Source/googlemock/include/gmock/gmock-matchers.h:432:67: error: implicitly-declared 'testing::internal::HasSubstrMatcher<std::__cxx11::basic_string<char> >::HasSubstrMatcher(const testing::internal::HasSubstrMatcher<std::__cxx11::basic_string<char> >&)' is deprecated [-Werror=deprecated-copy]
  432 |   explicit PolymorphicMatcher(const Impl& an_impl) : impl_(an_impl) {}
      |                                                                   ^
In file included from C:/.hunter/_Base/9a3594a/38889d0/2c875e7/Build/GTest/Source/googletest/include/gtest/internal/gtest-linked_ptr.h:74,
                 from C:/.hunter/_Base/9a3594a/38889d0/2c875e7/Build/GTest/Source/googlemock/include/gmock/internal/gmock-port.h:53,
                 from C:/.hunter/_Base/9a3594a/38889d0/2c875e7/Build/GTest/Source/googlemock/include/gmock/internal/gmock-generated-internal-utils.h:44,
                 from C:/.hunter/_Base/9a3594a/38889d0/2c875e7/Build/GTest/Source/googlemock/include/gmock/internal/gmock-internal-utils.h:45,
                 from C:/.hunter/_Base/9a3594a/38889d0/2c875e7/Build/GTest/Source/googlemock/include/gmock/gmock-actions.h:46,
                 from C:/.hunter/_Base/9a3594a/38889d0/2c875e7/Build/GTest/Source/googlemock/include/gmock/gmock.h:58,
                 from C:\.hunter\_Base\9a3594a\38889d0\2c875e7\Build\GTest\Source\googlemock\src\gmock-all.cc:40:
C:/.hunter/_Base/9a3594a/38889d0/2c875e7/Build/GTest/Source/googletest/include/gtest/internal/gtest-port.h:908:8: note: because 'testing::internal::HasSubstrMatcher<std::__cxx11::basic_string<char> >' has user-provided 'void testing::internal::HasSubstrMatcher<StringType>::operator=(const testing::internal::HasSubstrMatcher<StringType>&) [with StringType = std::__cxx11::basic_string<char>]'
  908 |   void operator=(type const &)
      |        ^~~~~~~~
C:/.hunter/_Base/9a3594a/38889d0/2c875e7/Build/GTest/Source/googlemock/include/gmock/gmock-matchers.h:1227:3: note: in expansion of macro 'GTEST_DISALLOW_ASSIGN_'
 1227 |   GTEST_DISALLOW_ASSIGN_(HasSubstrMatcher);
      |   ^~~~~~~~~~~~~~~~~~~~~~
In file included from C:/.hunter/_Base/9a3594a/38889d0/2c875e7/Build/GTest/Source/googlemock/include/gmock/gmock-spec-builders.h:75,
                 from C:/.hunter/_Base/9a3594a/38889d0/2c875e7/Build/GTest/Source/googlemock/include/gmock/gmock-generated-function-mockers.h:43,
                 from C:/.hunter/_Base/9a3594a/38889d0/2c875e7/Build/GTest/Source/googlemock/include/gmock/gmock.h:61,
                 from C:\.hunter\_Base\9a3594a\38889d0\2c875e7\Build\GTest\Source\googlemock\src\gmock-all.cc:40:
C:/.hunter/_Base/9a3594a/38889d0/2c875e7/Build/GTest/Source/googlemock/include/gmock/gmock-matchers.h: In instantiation of 'testing::PolymorphicMatcher<Impl>::PolymorphicMatcher(const Impl&) [with Impl = testing::internal::StartsWithMatcher<std::__cxx11::basic_string<char> >]':
C:/.hunter/_Base/9a3594a/38889d0/2c875e7/Build/GTest/Source/googlemock/include/gmock/gmock-matchers.h:497:10:   required from 'testing::PolymorphicMatcher<Impl> testing::MakePolymorphicMatcher(const Impl&) [with Impl = testing::internal::StartsWithMatcher<std::__cxx11::basic_string<char> >]'
C:/.hunter/_Base/9a3594a/38889d0/2c875e7/Build/GTest/Source/googlemock/include/gmock/gmock-matchers.h:4011:55:   required from here
C:/.hunter/_Base/9a3594a/38889d0/2c875e7/Build/GTest/Source/googlemock/include/gmock/gmock-matchers.h:432:67: error: implicitly-declared 'testing::internal::StartsWithMatcher<std::__cxx11::basic_string<char> >::StartsWithMatcher(const testing::internal::StartsWithMatcher<std::__cxx11::basic_string<char> >&)' is deprecated [-Werror=deprecated-copy]
  432 |   explicit PolymorphicMatcher(const Impl& an_impl) : impl_(an_impl) {}
      |                                                                   ^
In file included from C:/.hunter/_Base/9a3594a/38889d0/2c875e7/Build/GTest/Source/googletest/include/gtest/internal/gtest-linked_ptr.h:74,
                 from C:/.hunter/_Base/9a3594a/38889d0/2c875e7/Build/GTest/Source/googlemock/include/gmock/internal/gmock-port.h:53,
                 from C:/.hunter/_Base/9a3594a/38889d0/2c875e7/Build/GTest/Source/googlemock/include/gmock/internal/gmock-generated-internal-utils.h:44,
                 from C:/.hunter/_Base/9a3594a/38889d0/2c875e7/Build/GTest/Source/googlemock/include/gmock/internal/gmock-internal-utils.h:45,
                 from C:/.hunter/_Base/9a3594a/38889d0/2c875e7/Build/GTest/Source/googlemock/include/gmock/gmock-actions.h:46,
                 from C:/.hunter/_Base/9a3594a/38889d0/2c875e7/Build/GTest/Source/googlemock/include/gmock/gmock.h:58,
                 from C:\.hunter\_Base\9a3594a\38889d0\2c875e7\Build\GTest\Source\googlemock\src\gmock-all.cc:40:
C:/.hunter/_Base/9a3594a/38889d0/2c875e7/Build/GTest/Source/googletest/include/gtest/internal/gtest-port.h:908:8: note: because 'testing::internal::StartsWithMatcher<std::__cxx11::basic_string<char> >' has user-provided 'void testing::internal::StartsWithMatcher<StringType>::operator=(const testing::internal::StartsWithMatcher<StringType>&) [with StringType = std::__cxx11::basic_string<char>]'
  908 |   void operator=(type const &)
      |        ^~~~~~~~
C:/.hunter/_Base/9a3594a/38889d0/2c875e7/Build/GTest/Source/googlemock/include/gmock/gmock-matchers.h:1274:3: note: in expansion of macro 'GTEST_DISALLOW_ASSIGN_'
 1274 |   GTEST_DISALLOW_ASSIGN_(StartsWithMatcher);
      |   ^~~~~~~~~~~~~~~~~~~~~~
In file included from C:/.hunter/_Base/9a3594a/38889d0/2c875e7/Build/GTest/Source/googlemock/include/gmock/gmock-spec-builders.h:75,
                 from C:/.hunter/_Base/9a3594a/38889d0/2c875e7/Build/GTest/Source/googlemock/include/gmock/gmock-generated-function-mockers.h:43,
                 from C:/.hunter/_Base/9a3594a/38889d0/2c875e7/Build/GTest/Source/googlemock/include/gmock/gmock.h:61,
                 from C:\.hunter\_Base\9a3594a\38889d0\2c875e7\Build\GTest\Source\googlemock\src\gmock-all.cc:40:
C:/.hunter/_Base/9a3594a/38889d0/2c875e7/Build/GTest/Source/googlemock/include/gmock/gmock-matchers.h: In instantiation of 'testing::PolymorphicMatcher<Impl>::PolymorphicMatcher(const Impl&) [with Impl = testing::internal::EndsWithMatcher<std::__cxx11::basic_string<char> >]':
C:/.hunter/_Base/9a3594a/38889d0/2c875e7/Build/GTest/Source/googlemock/include/gmock/gmock-matchers.h:497:10:   required from 'testing::PolymorphicMatcher<Impl> testing::MakePolymorphicMatcher(const Impl&) [with Impl = testing::internal::EndsWithMatcher<std::__cxx11::basic_string<char> >]'
C:/.hunter/_Base/9a3594a/38889d0/2c875e7/Build/GTest/Source/googlemock/include/gmock/gmock-matchers.h:4017:79:   required from here
C:/.hunter/_Base/9a3594a/38889d0/2c875e7/Build/GTest/Source/googlemock/include/gmock/gmock-matchers.h:432:67: error: implicitly-declared 'testing::internal::EndsWithMatcher<std::__cxx11::basic_string<char> >::EndsWithMatcher(const testing::internal::EndsWithMatcher<std::__cxx11::basic_string<char> >&)' is deprecated [-Werror=deprecated-copy]
  432 |   explicit PolymorphicMatcher(const Impl& an_impl) : impl_(an_impl) {}
      |                                                                   ^
In file included from C:/.hunter/_Base/9a3594a/38889d0/2c875e7/Build/GTest/Source/googletest/include/gtest/internal/gtest-linked_ptr.h:74,
                 from C:/.hunter/_Base/9a3594a/38889d0/2c875e7/Build/GTest/Source/googlemock/include/gmock/internal/gmock-port.h:53,
                 from C:/.hunter/_Base/9a3594a/38889d0/2c875e7/Build/GTest/Source/googlemock/include/gmock/internal/gmock-generated-internal-utils.h:44,
                 from C:/.hunter/_Base/9a3594a/38889d0/2c875e7/Build/GTest/Source/googlemock/include/gmock/internal/gmock-internal-utils.h:45,
                 from C:/.hunter/_Base/9a3594a/38889d0/2c875e7/Build/GTest/Source/googlemock/include/gmock/gmock-actions.h:46,
                 from C:/.hunter/_Base/9a3594a/38889d0/2c875e7/Build/GTest/Source/googlemock/include/gmock/gmock.h:58,
                 from C:\.hunter\_Base\9a3594a\38889d0\2c875e7\Build\GTest\Source\googlemock\src\gmock-all.cc:40:
C:/.hunter/_Base/9a3594a/38889d0/2c875e7/Build/GTest/Source/googletest/include/gtest/internal/gtest-port.h:908:8: note: because 'testing::internal::EndsWithMatcher<std::__cxx11::basic_string<char> >' has user-provided 'void testing::internal::EndsWithMatcher<StringType>::operator=(const testing::internal::EndsWithMatcher<StringType>&) [with StringType = std::__cxx11::basic_string<char>]'
  908 |   void operator=(type const &)
      |        ^~~~~~~~
C:/.hunter/_Base/9a3594a/38889d0/2c875e7/Build/GTest/Source/googlemock/include/gmock/gmock-matchers.h:1320:3: note: in expansion of macro 'GTEST_DISALLOW_ASSIGN_'
 1320 |   GTEST_DISALLOW_ASSIGN_(EndsWithMatcher);
      |   ^~~~~~~~~~~~~~~~~~~~~~
In file included from C:/.hunter/_Base/9a3594a/38889d0/2c875e7/Build/GTest/Source/googlemock/include/gmock/gmock-spec-builders.h:75,
                 from C:/.hunter/_Base/9a3594a/38889d0/2c875e7/Build/GTest/Source/googlemock/include/gmock/gmock-generated-function-mockers.h:43,
                 from C:/.hunter/_Base/9a3594a/38889d0/2c875e7/Build/GTest/Source/googlemock/include/gmock/gmock.h:61,
                 from C:\.hunter\_Base\9a3594a\38889d0\2c875e7\Build\GTest\Source\googlemock\src\gmock-all.cc:40:
C:/.hunter/_Base/9a3594a/38889d0/2c875e7/Build/GTest/Source/googlemock/include/gmock/gmock-matchers.h: In instantiation of 'testing::PolymorphicMatcher<Impl>::PolymorphicMatcher(const Impl&) [with Impl = testing::internal::MatchesRegexMatcher]':
C:/.hunter/_Base/9a3594a/38889d0/2c875e7/Build/GTest/Source/googlemock/include/gmock/gmock-matchers.h:497:10:   required from 'testing::PolymorphicMatcher<Impl> testing::MakePolymorphicMatcher(const Impl&) [with Impl = testing::internal::MatchesRegexMatcher]'
C:/.hunter/_Base/9a3594a/38889d0/2c875e7/Build/GTest/Source/googlemock/include/gmock/gmock-matchers.h:4024:75:   required from here
C:/.hunter/_Base/9a3594a/38889d0/2c875e7/Build/GTest/Source/googlemock/include/gmock/gmock-matchers.h:432:67: error: implicitly-declared 'testing::internal::MatchesRegexMatcher::MatchesRegexMatcher(const testing::internal::MatchesRegexMatcher&)' is deprecated [-Werror=deprecated-copy]
  432 |   explicit PolymorphicMatcher(const Impl& an_impl) : impl_(an_impl) {}
      |                                                                   ^
In file included from C:/.hunter/_Base/9a3594a/38889d0/2c875e7/Build/GTest/Source/googletest/include/gtest/internal/gtest-linked_ptr.h:74,
                 from C:/.hunter/_Base/9a3594a/38889d0/2c875e7/Build/GTest/Source/googlemock/include/gmock/internal/gmock-port.h:53,
                 from C:/.hunter/_Base/9a3594a/38889d0/2c875e7/Build/GTest/Source/googlemock/include/gmock/internal/gmock-generated-internal-utils.h:44,
                 from C:/.hunter/_Base/9a3594a/38889d0/2c875e7/Build/GTest/Source/googlemock/include/gmock/internal/gmock-internal-utils.h:45,
                 from C:/.hunter/_Base/9a3594a/38889d0/2c875e7/Build/GTest/Source/googlemock/include/gmock/gmock-actions.h:46,
                 from C:/.hunter/_Base/9a3594a/38889d0/2c875e7/Build/GTest/Source/googlemock/include/gmock/gmock.h:58,
                 from C:\.hunter\_Base\9a3594a\38889d0\2c875e7\Build\GTest\Source\googlemock\src\gmock-all.cc:40:
C:/.hunter/_Base/9a3594a/38889d0/2c875e7/Build/GTest/Source/googletest/include/gtest/internal/gtest-port.h:908:8: note: because 'testing::internal::MatchesRegexMatcher' has user-provided 'void testing::internal::MatchesRegexMatcher::operator=(const testing::internal::MatchesRegexMatcher&)'
  908 |   void operator=(type const &)
      |        ^~~~~~~~
C:/.hunter/_Base/9a3594a/38889d0/2c875e7/Build/GTest/Source/googlemock/include/gmock/gmock-matchers.h:1369:3: note: in expansion of macro 'GTEST_DISALLOW_ASSIGN_'
 1369 |   GTEST_DISALLOW_ASSIGN_(MatchesRegexMatcher);
      |   ^~~~~~~~~~~~~~~~~~~~~~
In file included from C:/.hunter/_Base/9a3594a/38889d0/2c875e7/Build/GTest/Source/googlemock/include/gmock/gmock-spec-builders.h:75,
                 from C:/.hunter/_Base/9a3594a/38889d0/2c875e7/Build/GTest/Source/googlemock/include/gmock/gmock-generated-function-mockers.h:43,
                 from C:/.hunter/_Base/9a3594a/38889d0/2c875e7/Build/GTest/Source/googlemock/include/gmock/gmock.h:61,
                 from C:\.hunter\_Base\9a3594a\38889d0\2c875e7\Build\GTest\Source\googlemock\src\gmock-all.cc:40:
C:/.hunter/_Base/9a3594a/38889d0/2c875e7/Build/GTest/Source/googlemock/include/gmock/gmock-matchers.h: In instantiation of 'testing::PolymorphicMatcher<Impl>::PolymorphicMatcher(const Impl&) [with Impl = testing::internal::StrEqualityMatcher<std::__cxx11::basic_string<wchar_t> >]':
C:/.hunter/_Base/9a3594a/38889d0/2c875e7/Build/GTest/Source/googlemock/include/gmock/gmock-matchers.h:497:10:   required from 'testing::PolymorphicMatcher<Impl> testing::MakePolymorphicMatcher(const Impl&) [with Impl = testing::internal::StrEqualityMatcher<std::__cxx11::basic_string<wchar_t> >]'
C:/.hunter/_Base/9a3594a/38889d0/2c875e7/Build/GTest/Source/googlemock/include/gmock/gmock-matchers.h:4049:23:   required from here
C:/.hunter/_Base/9a3594a/38889d0/2c875e7/Build/GTest/Source/googlemock/include/gmock/gmock-matchers.h:432:67: error: implicitly-declared 'testing::internal::StrEqualityMatcher<std::__cxx11::basic_string<wchar_t> >::StrEqualityMatcher(const testing::internal::StrEqualityMatcher<std::__cxx11::basic_string<wchar_t> >&)' is deprecated [-Werror=deprecated-copy]
  432 |   explicit PolymorphicMatcher(const Impl& an_impl) : impl_(an_impl) {}
      |                                                                   ^
In file included from C:/.hunter/_Base/9a3594a/38889d0/2c875e7/Build/GTest/Source/googletest/include/gtest/internal/gtest-linked_ptr.h:74,
                 from C:/.hunter/_Base/9a3594a/38889d0/2c875e7/Build/GTest/Source/googlemock/include/gmock/internal/gmock-port.h:53,
                 from C:/.hunter/_Base/9a3594a/38889d0/2c875e7/Build/GTest/Source/googlemock/include/gmock/internal/gmock-generated-internal-utils.h:44,
                 from C:/.hunter/_Base/9a3594a/38889d0/2c875e7/Build/GTest/Source/googlemock/include/gmock/internal/gmock-internal-utils.h:45,
                 from C:/.hunter/_Base/9a3594a/38889d0/2c875e7/Build/GTest/Source/googlemock/include/gmock/gmock-actions.h:46,
                 from C:/.hunter/_Base/9a3594a/38889d0/2c875e7/Build/GTest/Source/googlemock/include/gmock/gmock.h:58,
                 from C:\.hunter\_Base\9a3594a\38889d0\2c875e7\Build\GTest\Source\googlemock\src\gmock-all.cc:40:
C:/.hunter/_Base/9a3594a/38889d0/2c875e7/Build/GTest/Source/googletest/include/gtest/internal/gtest-port.h:908:8: note: because 'testing::internal::StrEqualityMatcher<std::__cxx11::basic_string<wchar_t> >' has user-provided 'void testing::internal::StrEqualityMatcher<StringType>::operator=(const testing::internal::StrEqualityMatcher<StringType>&) [with StringType = std::__cxx11::basic_string<wchar_t>]'
  908 |   void operator=(type const &)
      |        ^~~~~~~~
C:/.hunter/_Base/9a3594a/38889d0/2c875e7/Build/GTest/Source/googlemock/include/gmock/gmock-matchers.h:1180:3: note: in expansion of macro 'GTEST_DISALLOW_ASSIGN_'
 1180 |   GTEST_DISALLOW_ASSIGN_(StrEqualityMatcher);
      |   ^~~~~~~~~~~~~~~~~~~~~~
In file included from C:/.hunter/_Base/9a3594a/38889d0/2c875e7/Build/GTest/Source/googlemock/include/gmock/gmock-spec-builders.h:75,
                 from C:/.hunter/_Base/9a3594a/38889d0/2c875e7/Build/GTest/Source/googlemock/include/gmock/gmock-generated-function-mockers.h:43,
                 from C:/.hunter/_Base/9a3594a/38889d0/2c875e7/Build/GTest/Source/googlemock/include/gmock/gmock.h:61,
                 from C:\.hunter\_Base\9a3594a\38889d0\2c875e7\Build\GTest\Source\googlemock\src\gmock-all.cc:40:
C:/.hunter/_Base/9a3594a/38889d0/2c875e7/Build/GTest/Source/googlemock/include/gmock/gmock-matchers.h: In instantiation of 'testing::PolymorphicMatcher<Impl>::PolymorphicMatcher(const Impl&) [with Impl = testing::internal::HasSubstrMatcher<std::__cxx11::basic_string<wchar_t> >]':
C:/.hunter/_Base/9a3594a/38889d0/2c875e7/Build/GTest/Source/googlemock/include/gmock/gmock-matchers.h:497:10:   required from 'testing::PolymorphicMatcher<Impl> testing::MakePolymorphicMatcher(const Impl&) [with Impl = testing::internal::HasSubstrMatcher<std::__cxx11::basic_string<wchar_t> >]'
C:/.hunter/_Base/9a3594a/38889d0/2c875e7/Build/GTest/Source/googlemock/include/gmock/gmock-matchers.h:4078:17:   required from here
C:/.hunter/_Base/9a3594a/38889d0/2c875e7/Build/GTest/Source/googlemock/include/gmock/gmock-matchers.h:432:67: error: implicitly-declared 'testing::internal::HasSubstrMatcher<std::__cxx11::basic_string<wchar_t> >::HasSubstrMatcher(const testing::internal::HasSubstrMatcher<std::__cxx11::basic_string<wchar_t> >&)' is deprecated [-Werror=deprecated-copy]
  432 |   explicit PolymorphicMatcher(const Impl& an_impl) : impl_(an_impl) {}
      |                                                                   ^
In file included from C:/.hunter/_Base/9a3594a/38889d0/2c875e7/Build/GTest/Source/googletest/include/gtest/internal/gtest-linked_ptr.h:74,
                 from C:/.hunter/_Base/9a3594a/38889d0/2c875e7/Build/GTest/Source/googlemock/include/gmock/internal/gmock-port.h:53,
                 from C:/.hunter/_Base/9a3594a/38889d0/2c875e7/Build/GTest/Source/googlemock/include/gmock/internal/gmock-generated-internal-utils.h:44,
                 from C:/.hunter/_Base/9a3594a/38889d0/2c875e7/Build/GTest/Source/googlemock/include/gmock/internal/gmock-internal-utils.h:45,
                 from C:/.hunter/_Base/9a3594a/38889d0/2c875e7/Build/GTest/Source/googlemock/include/gmock/gmock-actions.h:46,
                 from C:/.hunter/_Base/9a3594a/38889d0/2c875e7/Build/GTest/Source/googlemock/include/gmock/gmock.h:58,
                 from C:\.hunter\_Base\9a3594a\38889d0\2c875e7\Build\GTest\Source\googlemock\src\gmock-all.cc:40:
C:/.hunter/_Base/9a3594a/38889d0/2c875e7/Build/GTest/Source/googletest/include/gtest/internal/gtest-port.h:908:8: note: because 'testing::internal::HasSubstrMatcher<std::__cxx11::basic_string<wchar_t> >' has user-provided 'void testing::internal::HasSubstrMatcher<StringType>::operator=(const testing::internal::HasSubstrMatcher<StringType>&) [with StringType = std::__cxx11::basic_string<wchar_t>]'
  908 |   void operator=(type const &)
      |        ^~~~~~~~
C:/.hunter/_Base/9a3594a/38889d0/2c875e7/Build/GTest/Source/googlemock/include/gmock/gmock-matchers.h:1227:3: note: in expansion of macro 'GTEST_DISALLOW_ASSIGN_'
 1227 |   GTEST_DISALLOW_ASSIGN_(HasSubstrMatcher);
      |   ^~~~~~~~~~~~~~~~~~~~~~
In file included from C:/.hunter/_Base/9a3594a/38889d0/2c875e7/Build/GTest/Source/googlemock/include/gmock/gmock-spec-builders.h:75,
                 from C:/.hunter/_Base/9a3594a/38889d0/2c875e7/Build/GTest/Source/googlemock/include/gmock/gmock-generated-function-mockers.h:43,
                 from C:/.hunter/_Base/9a3594a/38889d0/2c875e7/Build/GTest/Source/googlemock/include/gmock/gmock.h:61,
                 from C:\.hunter\_Base\9a3594a\38889d0\2c875e7\Build\GTest\Source\googlemock\src\gmock-all.cc:40:
C:/.hunter/_Base/9a3594a/38889d0/2c875e7/Build/GTest/Source/googlemock/include/gmock/gmock-matchers.h: In instantiation of 'testing::PolymorphicMatcher<Impl>::PolymorphicMatcher(const Impl&) [with Impl = testing::internal::StartsWithMatcher<std::__cxx11::basic_string<wchar_t> >]':
C:/.hunter/_Base/9a3594a/38889d0/2c875e7/Build/GTest/Source/googlemock/include/gmock/gmock-matchers.h:497:10:   required from 'testing::PolymorphicMatcher<Impl> testing::MakePolymorphicMatcher(const Impl&) [with Impl = testing::internal::StartsWithMatcher<std::__cxx11::basic_string<wchar_t> >]'
C:/.hunter/_Base/9a3594a/38889d0/2c875e7/Build/GTest/Source/googlemock/include/gmock/gmock-matchers.h:4085:14:   required from here
C:/.hunter/_Base/9a3594a/38889d0/2c875e7/Build/GTest/Source/googlemock/include/gmock/gmock-matchers.h:432:67: error: implicitly-declared 'testing::internal::StartsWithMatcher<std::__cxx11::basic_string<wchar_t> >::StartsWithMatcher(const testing::internal::StartsWithMatcher<std::__cxx11::basic_string<wchar_t> >&)' is deprecated [-Werror=deprecated-copy]
  432 |   explicit PolymorphicMatcher(const Impl& an_impl) : impl_(an_impl) {}
      |                                                                   ^
In file included from C:/.hunter/_Base/9a3594a/38889d0/2c875e7/Build/GTest/Source/googletest/include/gtest/internal/gtest-linked_ptr.h:74,
                 from C:/.hunter/_Base/9a3594a/38889d0/2c875e7/Build/GTest/Source/googlemock/include/gmock/internal/gmock-port.h:53,
                 from C:/.hunter/_Base/9a3594a/38889d0/2c875e7/Build/GTest/Source/googlemock/include/gmock/internal/gmock-generated-internal-utils.h:44,
                 from C:/.hunter/_Base/9a3594a/38889d0/2c875e7/Build/GTest/Source/googlemock/include/gmock/internal/gmock-internal-utils.h:45,
                 from C:/.hunter/_Base/9a3594a/38889d0/2c875e7/Build/GTest/Source/googlemock/include/gmock/gmock-actions.h:46,
                 from C:/.hunter/_Base/9a3594a/38889d0/2c875e7/Build/GTest/Source/googlemock/include/gmock/gmock.h:58,
                 from C:\.hunter\_Base\9a3594a\38889d0\2c875e7\Build\GTest\Source\googlemock\src\gmock-all.cc:40:
C:/.hunter/_Base/9a3594a/38889d0/2c875e7/Build/GTest/Source/googletest/include/gtest/internal/gtest-port.h:908:8: note: because 'testing::internal::StartsWithMatcher<std::__cxx11::basic_string<wchar_t> >' has user-provided 'void testing::internal::StartsWithMatcher<StringType>::operator=(const testing::internal::StartsWithMatcher<StringType>&) [with StringType = std::__cxx11::basic_string<wchar_t>]'
  908 |   void operator=(type const &)
      |        ^~~~~~~~
C:/.hunter/_Base/9a3594a/38889d0/2c875e7/Build/GTest/Source/googlemock/include/gmock/gmock-matchers.h:1274:3: note: in expansion of macro 'GTEST_DISALLOW_ASSIGN_'
 1274 |   GTEST_DISALLOW_ASSIGN_(StartsWithMatcher);
      |   ^~~~~~~~~~~~~~~~~~~~~~
In file included from C:/.hunter/_Base/9a3594a/38889d0/2c875e7/Build/GTest/Source/googlemock/include/gmock/gmock-spec-builders.h:75,
                 from C:/.hunter/_Base/9a3594a/38889d0/2c875e7/Build/GTest/Source/googlemock/include/gmock/gmock-generated-function-mockers.h:43,
                 from C:/.hunter/_Base/9a3594a/38889d0/2c875e7/Build/GTest/Source/googlemock/include/gmock/gmock.h:61,
                 from C:\.hunter\_Base\9a3594a\38889d0\2c875e7\Build\GTest\Source\googlemock\src\gmock-all.cc:40:
C:/.hunter/_Base/9a3594a/38889d0/2c875e7/Build/GTest/Source/googlemock/include/gmock/gmock-matchers.h: In instantiation of 'testing::PolymorphicMatcher<Impl>::PolymorphicMatcher(const Impl&) [with Impl = testing::internal::EndsWithMatcher<std::__cxx11::basic_string<wchar_t> >]':
C:/.hunter/_Base/9a3594a/38889d0/2c875e7/Build/GTest/Source/googlemock/include/gmock/gmock-matchers.h:497:10:   required from 'testing::PolymorphicMatcher<Impl> testing::MakePolymorphicMatcher(const Impl&) [with Impl = testing::internal::EndsWithMatcher<std::__cxx11::basic_string<wchar_t> >]'
C:/.hunter/_Base/9a3594a/38889d0/2c875e7/Build/GTest/Source/googlemock/include/gmock/gmock-matchers.h:4092:14:   required from here
C:/.hunter/_Base/9a3594a/38889d0/2c875e7/Build/GTest/Source/googlemock/include/gmock/gmock-matchers.h:432:67: error: implicitly-declared 'testing::internal::EndsWithMatcher<std::__cxx11::basic_string<wchar_t> >::EndsWithMatcher(const testing::internal::EndsWithMatcher<std::__cxx11::basic_string<wchar_t> >&)' is deprecated [-Werror=deprecated-copy]
  432 |   explicit PolymorphicMatcher(const Impl& an_impl) : impl_(an_impl) {}
      |                                                                   ^
In file included from C:/.hunter/_Base/9a3594a/38889d0/2c875e7/Build/GTest/Source/googletest/include/gtest/internal/gtest-linked_ptr.h:74,
                 from C:/.hunter/_Base/9a3594a/38889d0/2c875e7/Build/GTest/Source/googlemock/include/gmock/internal/gmock-port.h:53,
                 from C:/.hunter/_Base/9a3594a/38889d0/2c875e7/Build/GTest/Source/googlemock/include/gmock/internal/gmock-generated-internal-utils.h:44,
                 from C:/.hunter/_Base/9a3594a/38889d0/2c875e7/Build/GTest/Source/googlemock/include/gmock/internal/gmock-internal-utils.h:45,
                 from C:/.hunter/_Base/9a3594a/38889d0/2c875e7/Build/GTest/Source/googlemock/include/gmock/gmock-actions.h:46,
                 from C:/.hunter/_Base/9a3594a/38889d0/2c875e7/Build/GTest/Source/googlemock/include/gmock/gmock.h:58,
                 from C:\.hunter\_Base\9a3594a\38889d0\2c875e7\Build\GTest\Source\googlemock\src\gmock-all.cc:40:
C:/.hunter/_Base/9a3594a/38889d0/2c875e7/Build/GTest/Source/googletest/include/gtest/internal/gtest-port.h:908:8: note: because 'testing::internal::EndsWithMatcher<std::__cxx11::basic_string<wchar_t> >' has user-provided 'void testing::internal::EndsWithMatcher<StringType>::operator=(const testing::internal::EndsWithMatcher<StringType>&) [with StringType = std::__cxx11::basic_string<wchar_t>]'
  908 |   void operator=(type const &)
      |        ^~~~~~~~
C:/.hunter/_Base/9a3594a/38889d0/2c875e7/Build/GTest/Source/googlemock/include/gmock/gmock-matchers.h:1320:3: note: in expansion of macro 'GTEST_DISALLOW_ASSIGN_'
 1320 |   GTEST_DISALLOW_ASSIGN_(EndsWithMatcher);
      |   ^~~~~~~~~~~~~~~~~~~~~~
In file included from C:/.hunter/_Base/9a3594a/38889d0/2c875e7/Build/GTest/Source/googlemock/include/gmock/gmock-spec-builders.h:75,
                 from C:/.hunter/_Base/9a3594a/38889d0/2c875e7/Build/GTest/Source/googlemock/include/gmock/gmock-generated-function-mockers.h:43,
                 from C:/.hunter/_Base/9a3594a/38889d0/2c875e7/Build/GTest/Source/googlemock/include/gmock/gmock.h:61,
                 from C:\.hunter\_Base\9a3594a\38889d0\2c875e7\Build\GTest\Source\googlemock\src\gmock_main.cc:33:
C:/.hunter/_Base/9a3594a/38889d0/2c875e7/Build/GTest/Source/googlemock/include/gmock/gmock-matchers.h: In instantiation of 'testing::PolymorphicMatcher<Impl>::PolymorphicMatcher(const Impl&) [with Impl = testing::internal::StrEqualityMatcher<std::__cxx11::basic_string<char> >]':
C:/.hunter/_Base/9a3594a/38889d0/2c875e7/Build/GTest/Source/googlemock/include/gmock/gmock-matchers.h:497:10:   required from 'testing::PolymorphicMatcher<Impl> testing::MakePolymorphicMatcher(const Impl&) [with Impl = testing::internal::StrEqualityMatcher<std::__cxx11::basic_string<char> >]'
C:/.hunter/_Base/9a3594a/38889d0/2c875e7/Build/GTest/Source/googlemock/include/gmock/gmock-matchers.h:3975:65:   required from here
C:/.hunter/_Base/9a3594a/38889d0/2c875e7/Build/GTest/Source/googlemock/include/gmock/gmock-matchers.h:432:67: error: implicitly-declared 'testing::internal::StrEqualityMatcher<std::__cxx11::basic_string<char> >::StrEqualityMatcher(const testing::internal::StrEqualityMatcher<std::__cxx11::basic_string<char> >&)' is deprecated [-Werror=deprecated-copy]
  432 |   explicit PolymorphicMatcher(const Impl& an_impl) : impl_(an_impl) {}
      |                                                                   ^
In file included from C:/.hunter/_Base/9a3594a/38889d0/2c875e7/Build/GTest/Source/googletest/include/gtest/internal/gtest-linked_ptr.h:74,
                 from C:/.hunter/_Base/9a3594a/38889d0/2c875e7/Build/GTest/Source/googlemock/include/gmock/internal/gmock-port.h:53,
                 from C:/.hunter/_Base/9a3594a/38889d0/2c875e7/Build/GTest/Source/googlemock/include/gmock/internal/gmock-generated-internal-utils.h:44,
                 from C:/.hunter/_Base/9a3594a/38889d0/2c875e7/Build/GTest/Source/googlemock/include/gmock/internal/gmock-internal-utils.h:45,
                 from C:/.hunter/_Base/9a3594a/38889d0/2c875e7/Build/GTest/Source/googlemock/include/gmock/gmock-actions.h:46,
                 from C:/.hunter/_Base/9a3594a/38889d0/2c875e7/Build/GTest/Source/googlemock/include/gmock/gmock.h:58,
                 from C:\.hunter\_Base\9a3594a\38889d0\2c875e7\Build\GTest\Source\googlemock\src\gmock_main.cc:33:
C:/.hunter/_Base/9a3594a/38889d0/2c875e7/Build/GTest/Source/googletest/include/gtest/internal/gtest-port.h:908:8: note: because 'testing::internal::StrEqualityMatcher<std::__cxx11::basic_string<char> >' has user-provided 'void testing::internal::StrEqualityMatcher<StringType>::operator=(const testing::internal::StrEqualityMatcher<StringType>&) [with StringType = std::__cxx11::basic_string<char>]'
  908 |   void operator=(type const &)
      |        ^~~~~~~~
C:/.hunter/_Base/9a3594a/38889d0/2c875e7/Build/GTest/Source/googlemock/include/gmock/gmock-matchers.h:1180:3: note: in expansion of macro 'GTEST_DISALLOW_ASSIGN_'
 1180 |   GTEST_DISALLOW_ASSIGN_(StrEqualityMatcher);
      |   ^~~~~~~~~~~~~~~~~~~~~~
In file included from C:/.hunter/_Base/9a3594a/38889d0/2c875e7/Build/GTest/Source/googlemock/include/gmock/gmock-spec-builders.h:75,
                 from C:/.hunter/_Base/9a3594a/38889d0/2c875e7/Build/GTest/Source/googlemock/include/gmock/gmock-generated-function-mockers.h:43,
                 from C:/.hunter/_Base/9a3594a/38889d0/2c875e7/Build/GTest/Source/googlemock/include/gmock/gmock.h:61,
                 from C:\.hunter\_Base\9a3594a\38889d0\2c875e7\Build\GTest\Source\googlemock\src\gmock_main.cc:33:
C:/.hunter/_Base/9a3594a/38889d0/2c875e7/Build/GTest/Source/googlemock/include/gmock/gmock-matchers.h: In instantiation of 'testing::PolymorphicMatcher<Impl>::PolymorphicMatcher(const Impl&) [with Impl = testing::internal::HasSubstrMatcher<std::__cxx11::basic_string<char> >]':
C:/.hunter/_Base/9a3594a/38889d0/2c875e7/Build/GTest/Source/googlemock/include/gmock/gmock-matchers.h:497:10:   required from 'testing::PolymorphicMatcher<Impl> testing::MakePolymorphicMatcher(const Impl&) [with Impl = testing::internal::HasSubstrMatcher<std::__cxx11::basic_string<char> >]'
C:/.hunter/_Base/9a3594a/38889d0/2c875e7/Build/GTest/Source/googlemock/include/gmock/gmock-matchers.h:4004:57:   required from here
C:/.hunter/_Base/9a3594a/38889d0/2c875e7/Build/GTest/Source/googlemock/include/gmock/gmock-matchers.h:432:67: error: implicitly-declared 'testing::internal::HasSubstrMatcher<std::__cxx11::basic_string<char> >::HasSubstrMatcher(const testing::internal::HasSubstrMatcher<std::__cxx11::basic_string<char> >&)' is deprecated [-Werror=deprecated-copy]
  432 |   explicit PolymorphicMatcher(const Impl& an_impl) : impl_(an_impl) {}
      |                                                                   ^
In file included from C:/.hunter/_Base/9a3594a/38889d0/2c875e7/Build/GTest/Source/googletest/include/gtest/internal/gtest-linked_ptr.h:74,
                 from C:/.hunter/_Base/9a3594a/38889d0/2c875e7/Build/GTest/Source/googlemock/include/gmock/internal/gmock-port.h:53,
                 from C:/.hunter/_Base/9a3594a/38889d0/2c875e7/Build/GTest/Source/googlemock/include/gmock/internal/gmock-generated-internal-utils.h:44,
                 from C:/.hunter/_Base/9a3594a/38889d0/2c875e7/Build/GTest/Source/googlemock/include/gmock/internal/gmock-internal-utils.h:45,
                 from C:/.hunter/_Base/9a3594a/38889d0/2c875e7/Build/GTest/Source/googlemock/include/gmock/gmock-actions.h:46,
                 from C:/.hunter/_Base/9a3594a/38889d0/2c875e7/Build/GTest/Source/googlemock/include/gmock/gmock.h:58,
                 from C:\.hunter\_Base\9a3594a\38889d0\2c875e7\Build\GTest\Source\googlemock\src\gmock_main.cc:33:
C:/.hunter/_Base/9a3594a/38889d0/2c875e7/Build/GTest/Source/googletest/include/gtest/internal/gtest-port.h:908:8: note: because 'testing::internal::HasSubstrMatcher<std::__cxx11::basic_string<char> >' has user-provided 'void testing::internal::HasSubstrMatcher<StringType>::operator=(const testing::internal::HasSubstrMatcher<StringType>&) [with StringType = std::__cxx11::basic_string<char>]'
  908 |   void operator=(type const &)
      |        ^~~~~~~~
C:/.hunter/_Base/9a3594a/38889d0/2c875e7/Build/GTest/Source/googlemock/include/gmock/gmock-matchers.h:1227:3: note: in expansion of macro 'GTEST_DISALLOW_ASSIGN_'
 1227 |   GTEST_DISALLOW_ASSIGN_(HasSubstrMatcher);
      |   ^~~~~~~~~~~~~~~~~~~~~~
In file included from C:/.hunter/_Base/9a3594a/38889d0/2c875e7/Build/GTest/Source/googlemock/include/gmock/gmock-spec-builders.h:75,
                 from C:/.hunter/_Base/9a3594a/38889d0/2c875e7/Build/GTest/Source/googlemock/include/gmock/gmock-generated-function-mockers.h:43,
                 from C:/.hunter/_Base/9a3594a/38889d0/2c875e7/Build/GTest/Source/googlemock/include/gmock/gmock.h:61,
                 from C:\.hunter\_Base\9a3594a\38889d0\2c875e7\Build\GTest\Source\googlemock\src\gmock_main.cc:33:
C:/.hunter/_Base/9a3594a/38889d0/2c875e7/Build/GTest/Source/googlemock/include/gmock/gmock-matchers.h: In instantiation of 'testing::PolymorphicMatcher<Impl>::PolymorphicMatcher(const Impl&) [with Impl = testing::internal::StartsWithMatcher<std::__cxx11::basic_string<char> >]':
C:/.hunter/_Base/9a3594a/38889d0/2c875e7/Build/GTest/Source/googlemock/include/gmock/gmock-matchers.h:497:10:   required from 'testing::PolymorphicMatcher<Impl> testing::MakePolymorphicMatcher(const Impl&) [with Impl = testing::internal::StartsWithMatcher<std::__cxx11::basic_string<char> >]'
C:/.hunter/_Base/9a3594a/38889d0/2c875e7/Build/GTest/Source/googlemock/include/gmock/gmock-matchers.h:4011:55:   required from here
C:/.hunter/_Base/9a3594a/38889d0/2c875e7/Build/GTest/Source/googlemock/include/gmock/gmock-matchers.h:432:67: error: implicitly-declared 'testing::internal::StartsWithMatcher<std::__cxx11::basic_string<char> >::StartsWithMatcher(const testing::internal::StartsWithMatcher<std::__cxx11::basic_string<char> >&)' is deprecated [-Werror=deprecated-copy]
  432 |   explicit PolymorphicMatcher(const Impl& an_impl) : impl_(an_impl) {}
      |                                                                   ^
In file included from C:/.hunter/_Base/9a3594a/38889d0/2c875e7/Build/GTest/Source/googletest/include/gtest/internal/gtest-linked_ptr.h:74,
                 from C:/.hunter/_Base/9a3594a/38889d0/2c875e7/Build/GTest/Source/googlemock/include/gmock/internal/gmock-port.h:53,
                 from C:/.hunter/_Base/9a3594a/38889d0/2c875e7/Build/GTest/Source/googlemock/include/gmock/internal/gmock-generated-internal-utils.h:44,
                 from C:/.hunter/_Base/9a3594a/38889d0/2c875e7/Build/GTest/Source/googlemock/include/gmock/internal/gmock-internal-utils.h:45,
                 from C:/.hunter/_Base/9a3594a/38889d0/2c875e7/Build/GTest/Source/googlemock/include/gmock/gmock-actions.h:46,
                 from C:/.hunter/_Base/9a3594a/38889d0/2c875e7/Build/GTest/Source/googlemock/include/gmock/gmock.h:58,
                 from C:\.hunter\_Base\9a3594a\38889d0\2c875e7\Build\GTest\Source\googlemock\src\gmock_main.cc:33:
C:/.hunter/_Base/9a3594a/38889d0/2c875e7/Build/GTest/Source/googletest/include/gtest/internal/gtest-port.h:908:8: note: because 'testing::internal::StartsWithMatcher<std::__cxx11::basic_string<char> >' has user-provided 'void testing::internal::StartsWithMatcher<StringType>::operator=(const testing::internal::StartsWithMatcher<StringType>&) [with StringType = std::__cxx11::basic_string<char>]'
  908 |   void operator=(type const &)
      |        ^~~~~~~~
C:/.hunter/_Base/9a3594a/38889d0/2c875e7/Build/GTest/Source/googlemock/include/gmock/gmock-matchers.h:1274:3: note: in expansion of macro 'GTEST_DISALLOW_ASSIGN_'
 1274 |   GTEST_DISALLOW_ASSIGN_(StartsWithMatcher);
      |   ^~~~~~~~~~~~~~~~~~~~~~
In file included from C:/.hunter/_Base/9a3594a/38889d0/2c875e7/Build/GTest/Source/googlemock/include/gmock/gmock-spec-builders.h:75,
                 from C:/.hunter/_Base/9a3594a/38889d0/2c875e7/Build/GTest/Source/googlemock/include/gmock/gmock-generated-function-mockers.h:43,
                 from C:/.hunter/_Base/9a3594a/38889d0/2c875e7/Build/GTest/Source/googlemock/include/gmock/gmock.h:61,
                 from C:\.hunter\_Base\9a3594a\38889d0\2c875e7\Build\GTest\Source\googlemock\src\gmock_main.cc:33:
C:/.hunter/_Base/9a3594a/38889d0/2c875e7/Build/GTest/Source/googlemock/include/gmock/gmock-matchers.h: In instantiation of 'testing::PolymorphicMatcher<Impl>::PolymorphicMatcher(const Impl&) [with Impl = testing::internal::EndsWithMatcher<std::__cxx11::basic_string<char> >]':
C:/.hunter/_Base/9a3594a/38889d0/2c875e7/Build/GTest/Source/googlemock/include/gmock/gmock-matchers.h:497:10:   required from 'testing::PolymorphicMatcher<Impl> testing::MakePolymorphicMatcher(const Impl&) [with Impl = testing::internal::EndsWithMatcher<std::__cxx11::basic_string<char> >]'
C:/.hunter/_Base/9a3594a/38889d0/2c875e7/Build/GTest/Source/googlemock/include/gmock/gmock-matchers.h:4017:79:   required from here
C:/.hunter/_Base/9a3594a/38889d0/2c875e7/Build/GTest/Source/googlemock/include/gmock/gmock-matchers.h:432:67: error: implicitly-declared 'testing::internal::EndsWithMatcher<std::__cxx11::basic_string<char> >::EndsWithMatcher(const testing::internal::EndsWithMatcher<std::__cxx11::basic_string<char> >&)' is deprecated [-Werror=deprecated-copy]
  432 |   explicit PolymorphicMatcher(const Impl& an_impl) : impl_(an_impl) {}
      |                                                                   ^
In file included from C:/.hunter/_Base/9a3594a/38889d0/2c875e7/Build/GTest/Source/googletest/include/gtest/internal/gtest-linked_ptr.h:74,
                 from C:/.hunter/_Base/9a3594a/38889d0/2c875e7/Build/GTest/Source/googlemock/include/gmock/internal/gmock-port.h:53,
                 from C:/.hunter/_Base/9a3594a/38889d0/2c875e7/Build/GTest/Source/googlemock/include/gmock/internal/gmock-generated-internal-utils.h:44,
                 from C:/.hunter/_Base/9a3594a/38889d0/2c875e7/Build/GTest/Source/googlemock/include/gmock/internal/gmock-internal-utils.h:45,
                 from C:/.hunter/_Base/9a3594a/38889d0/2c875e7/Build/GTest/Source/googlemock/include/gmock/gmock-actions.h:46,
                 from C:/.hunter/_Base/9a3594a/38889d0/2c875e7/Build/GTest/Source/googlemock/include/gmock/gmock.h:58,
                 from C:\.hunter\_Base\9a3594a\38889d0\2c875e7\Build\GTest\Source\googlemock\src\gmock_main.cc:33:
C:/.hunter/_Base/9a3594a/38889d0/2c875e7/Build/GTest/Source/googletest/include/gtest/internal/gtest-port.h:908:8: note: because 'testing::internal::EndsWithMatcher<std::__cxx11::basic_string<char> >' has user-provided 'void testing::internal::EndsWithMatcher<StringType>::operator=(const testing::internal::EndsWithMatcher<StringType>&) [with StringType = std::__cxx11::basic_string<char>]'
  908 |   void operator=(type const &)
      |        ^~~~~~~~
C:/.hunter/_Base/9a3594a/38889d0/2c875e7/Build/GTest/Source/googlemock/include/gmock/gmock-matchers.h:1320:3: note: in expansion of macro 'GTEST_DISALLOW_ASSIGN_'
 1320 |   GTEST_DISALLOW_ASSIGN_(EndsWithMatcher);
      |   ^~~~~~~~~~~~~~~~~~~~~~
In file included from C:/.hunter/_Base/9a3594a/38889d0/2c875e7/Build/GTest/Source/googlemock/include/gmock/gmock-spec-builders.h:75,
                 from C:/.hunter/_Base/9a3594a/38889d0/2c875e7/Build/GTest/Source/googlemock/include/gmock/gmock-generated-function-mockers.h:43,
                 from C:/.hunter/_Base/9a3594a/38889d0/2c875e7/Build/GTest/Source/googlemock/include/gmock/gmock.h:61,
                 from C:\.hunter\_Base\9a3594a\38889d0\2c875e7\Build\GTest\Source\googlemock\src\gmock_main.cc:33:
C:/.hunter/_Base/9a3594a/38889d0/2c875e7/Build/GTest/Source/googlemock/include/gmock/gmock-matchers.h: In instantiation of 'testing::PolymorphicMatcher<Impl>::PolymorphicMatcher(const Impl&) [with Impl = testing::internal::MatchesRegexMatcher]':
C:/.hunter/_Base/9a3594a/38889d0/2c875e7/Build/GTest/Source/googlemock/include/gmock/gmock-matchers.h:497:10:   required from 'testing::PolymorphicMatcher<Impl> testing::MakePolymorphicMatcher(const Impl&) [with Impl = testing::internal::MatchesRegexMatcher]'
C:/.hunter/_Base/9a3594a/38889d0/2c875e7/Build/GTest/Source/googlemock/include/gmock/gmock-matchers.h:4024:75:   required from here
C:/.hunter/_Base/9a3594a/38889d0/2c875e7/Build/GTest/Source/googlemock/include/gmock/gmock-matchers.h:432:67: error: implicitly-declared 'testing::internal::MatchesRegexMatcher::MatchesRegexMatcher(const testing::internal::MatchesRegexMatcher&)' is deprecated [-Werror=deprecated-copy]
  432 |   explicit PolymorphicMatcher(const Impl& an_impl) : impl_(an_impl) {}
      |                                                                   ^
In file included from C:/.hunter/_Base/9a3594a/38889d0/2c875e7/Build/GTest/Source/googletest/include/gtest/internal/gtest-linked_ptr.h:74,
                 from C:/.hunter/_Base/9a3594a/38889d0/2c875e7/Build/GTest/Source/googlemock/include/gmock/internal/gmock-port.h:53,
                 from C:/.hunter/_Base/9a3594a/38889d0/2c875e7/Build/GTest/Source/googlemock/include/gmock/internal/gmock-generated-internal-utils.h:44,
                 from C:/.hunter/_Base/9a3594a/38889d0/2c875e7/Build/GTest/Source/googlemock/include/gmock/internal/gmock-internal-utils.h:45,
                 from C:/.hunter/_Base/9a3594a/38889d0/2c875e7/Build/GTest/Source/googlemock/include/gmock/gmock-actions.h:46,
                 from C:/.hunter/_Base/9a3594a/38889d0/2c875e7/Build/GTest/Source/googlemock/include/gmock/gmock.h:58,
                 from C:\.hunter\_Base\9a3594a\38889d0\2c875e7\Build\GTest\Source\googlemock\src\gmock_main.cc:33:
C:/.hunter/_Base/9a3594a/38889d0/2c875e7/Build/GTest/Source/googletest/include/gtest/internal/gtest-port.h:908:8: note: because 'testing::internal::MatchesRegexMatcher' has user-provided 'void testing::internal::MatchesRegexMatcher::operator=(const testing::internal::MatchesRegexMatcher&)'
  908 |   void operator=(type const &)
      |        ^~~~~~~~
C:/.hunter/_Base/9a3594a/38889d0/2c875e7/Build/GTest/Source/googlemock/include/gmock/gmock-matchers.h:1369:3: note: in expansion of macro 'GTEST_DISALLOW_ASSIGN_'
 1369 |   GTEST_DISALLOW_ASSIGN_(MatchesRegexMatcher);
      |   ^~~~~~~~~~~~~~~~~~~~~~
In file included from C:/.hunter/_Base/9a3594a/38889d0/2c875e7/Build/GTest/Source/googlemock/include/gmock/gmock-spec-builders.h:75,
                 from C:/.hunter/_Base/9a3594a/38889d0/2c875e7/Build/GTest/Source/googlemock/include/gmock/gmock-generated-function-mockers.h:43,
                 from C:/.hunter/_Base/9a3594a/38889d0/2c875e7/Build/GTest/Source/googlemock/include/gmock/gmock.h:61,
                 from C:\.hunter\_Base\9a3594a\38889d0\2c875e7\Build\GTest\Source\googlemock\src\gmock_main.cc:33:
C:/.hunter/_Base/9a3594a/38889d0/2c875e7/Build/GTest/Source/googlemock/include/gmock/gmock-matchers.h: In instantiation of 'testing::PolymorphicMatcher<Impl>::PolymorphicMatcher(const Impl&) [with Impl = testing::internal::StrEqualityMatcher<std::__cxx11::basic_string<wchar_t> >]':
C:/.hunter/_Base/9a3594a/38889d0/2c875e7/Build/GTest/Source/googlemock/include/gmock/gmock-matchers.h:497:10:   required from 'testing::PolymorphicMatcher<Impl> testing::MakePolymorphicMatcher(const Impl&) [with Impl = testing::internal::StrEqualityMatcher<std::__cxx11::basic_string<wchar_t> >]'
C:/.hunter/_Base/9a3594a/38889d0/2c875e7/Build/GTest/Source/googlemock/include/gmock/gmock-matchers.h:4049:23:   required from here
C:/.hunter/_Base/9a3594a/38889d0/2c875e7/Build/GTest/Source/googlemock/include/gmock/gmock-matchers.h:432:67: error: implicitly-declared 'testing::internal::StrEqualityMatcher<std::__cxx11::basic_string<wchar_t> >::StrEqualityMatcher(const testing::internal::StrEqualityMatcher<std::__cxx11::basic_string<wchar_t> >&)' is deprecated [-Werror=deprecated-copy]
  432 |   explicit PolymorphicMatcher(const Impl& an_impl) : impl_(an_impl) {}
      |                                                                   ^
In file included from C:/.hunter/_Base/9a3594a/38889d0/2c875e7/Build/GTest/Source/googletest/include/gtest/internal/gtest-linked_ptr.h:74,
                 from C:/.hunter/_Base/9a3594a/38889d0/2c875e7/Build/GTest/Source/googlemock/include/gmock/internal/gmock-port.h:53,
                 from C:/.hunter/_Base/9a3594a/38889d0/2c875e7/Build/GTest/Source/googlemock/include/gmock/internal/gmock-generated-internal-utils.h:44,
                 from C:/.hunter/_Base/9a3594a/38889d0/2c875e7/Build/GTest/Source/googlemock/include/gmock/internal/gmock-internal-utils.h:45,
                 from C:/.hunter/_Base/9a3594a/38889d0/2c875e7/Build/GTest/Source/googlemock/include/gmock/gmock-actions.h:46,
                 from C:/.hunter/_Base/9a3594a/38889d0/2c875e7/Build/GTest/Source/googlemock/include/gmock/gmock.h:58,
                 from C:\.hunter\_Base\9a3594a\38889d0\2c875e7\Build\GTest\Source\googlemock\src\gmock_main.cc:33:
C:/.hunter/_Base/9a3594a/38889d0/2c875e7/Build/GTest/Source/googletest/include/gtest/internal/gtest-port.h:908:8: note: because 'testing::internal::StrEqualityMatcher<std::__cxx11::basic_string<wchar_t> >' has user-provided 'void testing::internal::StrEqualityMatcher<StringType>::operator=(const testing::internal::StrEqualityMatcher<StringType>&) [with StringType = std::__cxx11::basic_string<wchar_t>]'
  908 |   void operator=(type const &)
      |        ^~~~~~~~
C:/.hunter/_Base/9a3594a/38889d0/2c875e7/Build/GTest/Source/googlemock/include/gmock/gmock-matchers.h:1180:3: note: in expansion of macro 'GTEST_DISALLOW_ASSIGN_'
 1180 |   GTEST_DISALLOW_ASSIGN_(StrEqualityMatcher);
      |   ^~~~~~~~~~~~~~~~~~~~~~
In file included from C:/.hunter/_Base/9a3594a/38889d0/2c875e7/Build/GTest/Source/googlemock/include/gmock/gmock-spec-builders.h:75,
                 from C:/.hunter/_Base/9a3594a/38889d0/2c875e7/Build/GTest/Source/googlemock/include/gmock/gmock-generated-function-mockers.h:43,
                 from C:/.hunter/_Base/9a3594a/38889d0/2c875e7/Build/GTest/Source/googlemock/include/gmock/gmock.h:61,
                 from C:\.hunter\_Base\9a3594a\38889d0\2c875e7\Build\GTest\Source\googlemock\src\gmock_main.cc:33:
C:/.hunter/_Base/9a3594a/38889d0/2c875e7/Build/GTest/Source/googlemock/include/gmock/gmock-matchers.h: In instantiation of 'testing::PolymorphicMatcher<Impl>::PolymorphicMatcher(const Impl&) [with Impl = testing::internal::HasSubstrMatcher<std::__cxx11::basic_string<wchar_t> >]':
C:/.hunter/_Base/9a3594a/38889d0/2c875e7/Build/GTest/Source/googlemock/include/gmock/gmock-matchers.h:497:10:   required from 'testing::PolymorphicMatcher<Impl> testing::MakePolymorphicMatcher(const Impl&) [with Impl = testing::internal::HasSubstrMatcher<std::__cxx11::basic_string<wchar_t> >]'
C:/.hunter/_Base/9a3594a/38889d0/2c875e7/Build/GTest/Source/googlemock/include/gmock/gmock-matchers.h:4078:17:   required from here
C:/.hunter/_Base/9a3594a/38889d0/2c875e7/Build/GTest/Source/googlemock/include/gmock/gmock-matchers.h:432:67: error: implicitly-declared 'testing::internal::HasSubstrMatcher<std::__cxx11::basic_string<wchar_t> >::HasSubstrMatcher(const testing::internal::HasSubstrMatcher<std::__cxx11::basic_string<wchar_t> >&)' is deprecated [-Werror=deprecated-copy]
  432 |   explicit PolymorphicMatcher(const Impl& an_impl) : impl_(an_impl) {}
      |                                                                   ^
In file included from C:/.hunter/_Base/9a3594a/38889d0/2c875e7/Build/GTest/Source/googletest/include/gtest/internal/gtest-linked_ptr.h:74,
                 from C:/.hunter/_Base/9a3594a/38889d0/2c875e7/Build/GTest/Source/googlemock/include/gmock/internal/gmock-port.h:53,
                 from C:/.hunter/_Base/9a3594a/38889d0/2c875e7/Build/GTest/Source/googlemock/include/gmock/internal/gmock-generated-internal-utils.h:44,
                 from C:/.hunter/_Base/9a3594a/38889d0/2c875e7/Build/GTest/Source/googlemock/include/gmock/internal/gmock-internal-utils.h:45,
                 from C:/.hunter/_Base/9a3594a/38889d0/2c875e7/Build/GTest/Source/googlemock/include/gmock/gmock-actions.h:46,
                 from C:/.hunter/_Base/9a3594a/38889d0/2c875e7/Build/GTest/Source/googlemock/include/gmock/gmock.h:58,
                 from C:\.hunter\_Base\9a3594a\38889d0\2c875e7\Build\GTest\Source\googlemock\src\gmock_main.cc:33:
C:/.hunter/_Base/9a3594a/38889d0/2c875e7/Build/GTest/Source/googletest/include/gtest/internal/gtest-port.h:908:8: note: because 'testing::internal::HasSubstrMatcher<std::__cxx11::basic_string<wchar_t> >' has user-provided 'void testing::internal::HasSubstrMatcher<StringType>::operator=(const testing::internal::HasSubstrMatcher<StringType>&) [with StringType = std::__cxx11::basic_string<wchar_t>]'
  908 |   void operator=(type const &)
      |        ^~~~~~~~
C:/.hunter/_Base/9a3594a/38889d0/2c875e7/Build/GTest/Source/googlemock/include/gmock/gmock-matchers.h:1227:3: note: in expansion of macro 'GTEST_DISALLOW_ASSIGN_'
 1227 |   GTEST_DISALLOW_ASSIGN_(HasSubstrMatcher);
      |   ^~~~~~~~~~~~~~~~~~~~~~
In file included from C:/.hunter/_Base/9a3594a/38889d0/2c875e7/Build/GTest/Source/googlemock/include/gmock/gmock-spec-builders.h:75,
                 from C:/.hunter/_Base/9a3594a/38889d0/2c875e7/Build/GTest/Source/googlemock/include/gmock/gmock-generated-function-mockers.h:43,
                 from C:/.hunter/_Base/9a3594a/38889d0/2c875e7/Build/GTest/Source/googlemock/include/gmock/gmock.h:61,
                 from C:\.hunter\_Base\9a3594a\38889d0\2c875e7\Build\GTest\Source\googlemock\src\gmock_main.cc:33:
C:/.hunter/_Base/9a3594a/38889d0/2c875e7/Build/GTest/Source/googlemock/include/gmock/gmock-matchers.h: In instantiation of 'testing::PolymorphicMatcher<Impl>::PolymorphicMatcher(const Impl&) [with Impl = testing::internal::StartsWithMatcher<std::__cxx11::basic_string<wchar_t> >]':
C:/.hunter/_Base/9a3594a/38889d0/2c875e7/Build/GTest/Source/googlemock/include/gmock/gmock-matchers.h:497:10:   required from 'testing::PolymorphicMatcher<Impl> testing::MakePolymorphicMatcher(const Impl&) [with Impl = testing::internal::StartsWithMatcher<std::__cxx11::basic_string<wchar_t> >]'
C:/.hunter/_Base/9a3594a/38889d0/2c875e7/Build/GTest/Source/googlemock/include/gmock/gmock-matchers.h:4085:14:   required from here
C:/.hunter/_Base/9a3594a/38889d0/2c875e7/Build/GTest/Source/googlemock/include/gmock/gmock-matchers.h:432:67: error: implicitly-declared 'testing::internal::StartsWithMatcher<std::__cxx11::basic_string<wchar_t> >::StartsWithMatcher(const testing::internal::StartsWithMatcher<std::__cxx11::basic_string<wchar_t> >&)' is deprecated [-Werror=deprecated-copy]
  432 |   explicit PolymorphicMatcher(const Impl& an_impl) : impl_(an_impl) {}
      |                                                                   ^
In file included from C:/.hunter/_Base/9a3594a/38889d0/2c875e7/Build/GTest/Source/googletest/include/gtest/internal/gtest-linked_ptr.h:74,
                 from C:/.hunter/_Base/9a3594a/38889d0/2c875e7/Build/GTest/Source/googlemock/include/gmock/internal/gmock-port.h:53,
                 from C:/.hunter/_Base/9a3594a/38889d0/2c875e7/Build/GTest/Source/googlemock/include/gmock/internal/gmock-generated-internal-utils.h:44,
                 from C:/.hunter/_Base/9a3594a/38889d0/2c875e7/Build/GTest/Source/googlemock/include/gmock/internal/gmock-internal-utils.h:45,
                 from C:/.hunter/_Base/9a3594a/38889d0/2c875e7/Build/GTest/Source/googlemock/include/gmock/gmock-actions.h:46,
                 from C:/.hunter/_Base/9a3594a/38889d0/2c875e7/Build/GTest/Source/googlemock/include/gmock/gmock.h:58,
                 from C:\.hunter\_Base\9a3594a\38889d0\2c875e7\Build\GTest\Source\googlemock\src\gmock_main.cc:33:
C:/.hunter/_Base/9a3594a/38889d0/2c875e7/Build/GTest/Source/googletest/include/gtest/internal/gtest-port.h:908:8: note: because 'testing::internal::StartsWithMatcher<std::__cxx11::basic_string<wchar_t> >' has user-provided 'void testing::internal::StartsWithMatcher<StringType>::operator=(const testing::internal::StartsWithMatcher<StringType>&) [with StringType = std::__cxx11::basic_string<wchar_t>]'
  908 |   void operator=(type const &)
      |        ^~~~~~~~
C:/.hunter/_Base/9a3594a/38889d0/2c875e7/Build/GTest/Source/googlemock/include/gmock/gmock-matchers.h:1274:3: note: in expansion of macro 'GTEST_DISALLOW_ASSIGN_'
 1274 |   GTEST_DISALLOW_ASSIGN_(StartsWithMatcher);
      |   ^~~~~~~~~~~~~~~~~~~~~~
In file included from C:/.hunter/_Base/9a3594a/38889d0/2c875e7/Build/GTest/Source/googlemock/include/gmock/gmock-spec-builders.h:75,
                 from C:/.hunter/_Base/9a3594a/38889d0/2c875e7/Build/GTest/Source/googlemock/include/gmock/gmock-generated-function-mockers.h:43,
                 from C:/.hunter/_Base/9a3594a/38889d0/2c875e7/Build/GTest/Source/googlemock/include/gmock/gmock.h:61,
                 from C:\.hunter\_Base\9a3594a\38889d0\2c875e7\Build\GTest\Source\googlemock\src\gmock_main.cc:33:
C:/.hunter/_Base/9a3594a/38889d0/2c875e7/Build/GTest/Source/googlemock/include/gmock/gmock-matchers.h: In instantiation of 'testing::PolymorphicMatcher<Impl>::PolymorphicMatcher(const Impl&) [with Impl = testing::internal::EndsWithMatcher<std::__cxx11::basic_string<wchar_t> >]':
C:/.hunter/_Base/9a3594a/38889d0/2c875e7/Build/GTest/Source/googlemock/include/gmock/gmock-matchers.h:497:10:   required from 'testing::PolymorphicMatcher<Impl> testing::MakePolymorphicMatcher(const Impl&) [with Impl = testing::internal::EndsWithMatcher<std::__cxx11::basic_string<wchar_t> >]'
C:/.hunter/_Base/9a3594a/38889d0/2c875e7/Build/GTest/Source/googlemock/include/gmock/gmock-matchers.h:4092:14:   required from here
C:/.hunter/_Base/9a3594a/38889d0/2c875e7/Build/GTest/Source/googlemock/include/gmock/gmock-matchers.h:432:67: error: implicitly-declared 'testing::internal::EndsWithMatcher<std::__cxx11::basic_string<wchar_t> >::EndsWithMatcher(const testing::internal::EndsWithMatcher<std::__cxx11::basic_string<wchar_t> >&)' is deprecated [-Werror=deprecated-copy]
  432 |   explicit PolymorphicMatcher(const Impl& an_impl) : impl_(an_impl) {}
      |                                                                   ^
In file included from C:/.hunter/_Base/9a3594a/38889d0/2c875e7/Build/GTest/Source/googletest/include/gtest/internal/gtest-linked_ptr.h:74,
                 from C:/.hunter/_Base/9a3594a/38889d0/2c875e7/Build/GTest/Source/googlemock/include/gmock/internal/gmock-port.h:53,
                 from C:/.hunter/_Base/9a3594a/38889d0/2c875e7/Build/GTest/Source/googlemock/include/gmock/internal/gmock-generated-internal-utils.h:44,
                 from C:/.hunter/_Base/9a3594a/38889d0/2c875e7/Build/GTest/Source/googlemock/include/gmock/internal/gmock-internal-utils.h:45,
                 from C:/.hunter/_Base/9a3594a/38889d0/2c875e7/Build/GTest/Source/googlemock/include/gmock/gmock-actions.h:46,
                 from C:/.hunter/_Base/9a3594a/38889d0/2c875e7/Build/GTest/Source/googlemock/include/gmock/gmock.h:58,
                 from C:\.hunter\_Base\9a3594a\38889d0\2c875e7\Build\GTest\Source\googlemock\src\gmock_main.cc:33:
C:/.hunter/_Base/9a3594a/38889d0/2c875e7/Build/GTest/Source/googletest/include/gtest/internal/gtest-port.h:908:8: note: because 'testing::internal::EndsWithMatcher<std::__cxx11::basic_string<wchar_t> >' has user-provided 'void testing::internal::EndsWithMatcher<StringType>::operator=(const testing::internal::EndsWithMatcher<StringType>&) [with StringType = std::__cxx11::basic_string<wchar_t>]'
  908 |   void operator=(type const &)
      |        ^~~~~~~~
C:/.hunter/_Base/9a3594a/38889d0/2c875e7/Build/GTest/Source/googlemock/include/gmock/gmock-matchers.h:1320:3: note: in expansion of macro 'GTEST_DISALLOW_ASSIGN_'
 1320 |   GTEST_DISALLOW_ASSIGN_(EndsWithMatcher);
      |   ^~~~~~~~~~~~~~~~~~~~~~
cc1plus.exe: all warnings being treated as errors
googlemock\CMakeFiles\gmock_main.dir\build.make:90: recipe for target 'googlemock/CMakeFiles/gmock_main.dir/src/gmock_main.cc.obj' failed
mingw32-make.exe[5]: *** [googlemock/CMakeFiles/gmock_main.dir/src/gmock_main.cc.obj] Error 1
mingw32-make.exe[5]: *** Waiting for unfinished jobs....
In file included from C:/.hunter/_Base/9a3594a/38889d0/2c875e7/Build/GTest/Source/googlemock/include/gmock/gmock-spec-builders.h:75,
                 from C:/.hunter/_Base/9a3594a/38889d0/2c875e7/Build/GTest/Source/googlemock/include/gmock/gmock-generated-function-mockers.h:43,
                 from C:/.hunter/_Base/9a3594a/38889d0/2c875e7/Build/GTest/Source/googlemock/include/gmock/gmock.h:61,
                 from C:\.hunter\_Base\9a3594a\38889d0\2c875e7\Build\GTest\Source\googlemock\src\gmock-all.cc:40:
C:/.hunter/_Base/9a3594a/38889d0/2c875e7/Build/GTest/Source/googlemock/include/gmock/gmock-matchers.h: In instantiation of 'testing::PolymorphicMatcher<Impl>::PolymorphicMatcher(const Impl&) [with Impl = testing::internal::StrEqualityMatcher<std::__cxx11::basic_string<char> >]':
C:/.hunter/_Base/9a3594a/38889d0/2c875e7/Build/GTest/Source/googlemock/include/gmock/gmock-matchers.h:497:10:   required from 'testing::PolymorphicMatcher<Impl> testing::MakePolymorphicMatcher(const Impl&) [with Impl = testing::internal::StrEqualityMatcher<std::__cxx11::basic_string<char> >]'
C:/.hunter/_Base/9a3594a/38889d0/2c875e7/Build/GTest/Source/googlemock/include/gmock/gmock-matchers.h:3975:65:   required from here
C:/.hunter/_Base/9a3594a/38889d0/2c875e7/Build/GTest/Source/googlemock/include/gmock/gmock-matchers.h:432:67: error: implicitly-declared 'testing::internal::StrEqualityMatcher<std::__cxx11::basic_string<char> >::StrEqualityMatcher(const testing::internal::StrEqualityMatcher<std::__cxx11::basic_string<char> >&)' is deprecated [-Werror=deprecated-copy]
  432 |   explicit PolymorphicMatcher(const Impl& an_impl) : impl_(an_impl) {}
      |                                                                   ^
In file included from C:/.hunter/_Base/9a3594a/38889d0/2c875e7/Build/GTest/Source/googletest/include/gtest/internal/gtest-linked_ptr.h:74,
                 from C:/.hunter/_Base/9a3594a/38889d0/2c875e7/Build/GTest/Source/googlemock/include/gmock/internal/gmock-port.h:53,
                 from C:/.hunter/_Base/9a3594a/38889d0/2c875e7/Build/GTest/Source/googlemock/include/gmock/internal/gmock-generated-internal-utils.h:44,
                 from C:/.hunter/_Base/9a3594a/38889d0/2c875e7/Build/GTest/Source/googlemock/include/gmock/internal/gmock-internal-utils.h:45,
                 from C:/.hunter/_Base/9a3594a/38889d0/2c875e7/Build/GTest/Source/googlemock/include/gmock/gmock-actions.h:46,
                 from C:/.hunter/_Base/9a3594a/38889d0/2c875e7/Build/GTest/Source/googlemock/include/gmock/gmock.h:58,
                 from C:\.hunter\_Base\9a3594a\38889d0\2c875e7\Build\GTest\Source\googlemock\src\gmock-all.cc:40:
C:/.hunter/_Base/9a3594a/38889d0/2c875e7/Build/GTest/Source/googletest/include/gtest/internal/gtest-port.h:908:8: note: because 'testing::internal::StrEqualityMatcher<std::__cxx11::basic_string<char> >' has user-provided 'void testing::internal::StrEqualityMatcher<StringType>::operator=(const testing::internal::StrEqualityMatcher<StringType>&) [with StringType = std::__cxx11::basic_string<char>]'
  908 |   void operator=(type const &)
      |        ^~~~~~~~
C:/.hunter/_Base/9a3594a/38889d0/2c875e7/Build/GTest/Source/googlemock/include/gmock/gmock-matchers.h:1180:3: note: in expansion of macro 'GTEST_DISALLOW_ASSIGN_'
 1180 |   GTEST_DISALLOW_ASSIGN_(StrEqualityMatcher);
      |   ^~~~~~~~~~~~~~~~~~~~~~
In file included from C:/.hunter/_Base/9a3594a/38889d0/2c875e7/Build/GTest/Source/googlemock/include/gmock/gmock-spec-builders.h:75,
                 from C:/.hunter/_Base/9a3594a/38889d0/2c875e7/Build/GTest/Source/googlemock/include/gmock/gmock-generated-function-mockers.h:43,
                 from C:/.hunter/_Base/9a3594a/38889d0/2c875e7/Build/GTest/Source/googlemock/include/gmock/gmock.h:61,
                 from C:\.hunter\_Base\9a3594a\38889d0\2c875e7\Build\GTest\Source\googlemock\src\gmock-all.cc:40:
C:/.hunter/_Base/9a3594a/38889d0/2c875e7/Build/GTest/Source/googlemock/include/gmock/gmock-matchers.h: In instantiation of 'testing::PolymorphicMatcher<Impl>::PolymorphicMatcher(const Impl&) [with Impl = testing::internal::HasSubstrMatcher<std::__cxx11::basic_string<char> >]':
C:/.hunter/_Base/9a3594a/38889d0/2c875e7/Build/GTest/Source/googlemock/include/gmock/gmock-matchers.h:497:10:   required from 'testing::PolymorphicMatcher<Impl> testing::MakePolymorphicMatcher(const Impl&) [with Impl = testing::internal::HasSubstrMatcher<std::__cxx11::basic_string<char> >]'
C:/.hunter/_Base/9a3594a/38889d0/2c875e7/Build/GTest/Source/googlemock/include/gmock/gmock-matchers.h:4004:57:   required from here
C:/.hunter/_Base/9a3594a/38889d0/2c875e7/Build/GTest/Source/googlemock/include/gmock/gmock-matchers.h:432:67: error: implicitly-declared 'testing::internal::HasSubstrMatcher<std::__cxx11::basic_string<char> >::HasSubstrMatcher(const testing::internal::HasSubstrMatcher<std::__cxx11::basic_string<char> >&)' is deprecated [-Werror=deprecated-copy]
  432 |   explicit PolymorphicMatcher(const Impl& an_impl) : impl_(an_impl) {}
      |                                                                   ^
In file included from C:/.hunter/_Base/9a3594a/38889d0/2c875e7/Build/GTest/Source/googletest/include/gtest/internal/gtest-linked_ptr.h:74,
                 from C:/.hunter/_Base/9a3594a/38889d0/2c875e7/Build/GTest/Source/googlemock/include/gmock/internal/gmock-port.h:53,
                 from C:/.hunter/_Base/9a3594a/38889d0/2c875e7/Build/GTest/Source/googlemock/include/gmock/internal/gmock-generated-internal-utils.h:44,
                 from C:/.hunter/_Base/9a3594a/38889d0/2c875e7/Build/GTest/Source/googlemock/include/gmock/internal/gmock-internal-utils.h:45,
                 from C:/.hunter/_Base/9a3594a/38889d0/2c875e7/Build/GTest/Source/googlemock/include/gmock/gmock-actions.h:46,
                 from C:/.hunter/_Base/9a3594a/38889d0/2c875e7/Build/GTest/Source/googlemock/include/gmock/gmock.h:58,
                 from C:\.hunter\_Base\9a3594a\38889d0\2c875e7\Build\GTest\Source\googlemock\src\gmock-all.cc:40:
C:/.hunter/_Base/9a3594a/38889d0/2c875e7/Build/GTest/Source/googletest/include/gtest/internal/gtest-port.h:908:8: note: because 'testing::internal::HasSubstrMatcher<std::__cxx11::basic_string<char> >' has user-provided 'void testing::internal::HasSubstrMatcher<StringType>::operator=(const testing::internal::HasSubstrMatcher<StringType>&) [with StringType = std::__cxx11::basic_string<char>]'
  908 |   void operator=(type const &)
      |        ^~~~~~~~
C:/.hunter/_Base/9a3594a/38889d0/2c875e7/Build/GTest/Source/googlemock/include/gmock/gmock-matchers.h:1227:3: note: in expansion of macro 'GTEST_DISALLOW_ASSIGN_'
 1227 |   GTEST_DISALLOW_ASSIGN_(HasSubstrMatcher);
      |   ^~~~~~~~~~~~~~~~~~~~~~
In file included from C:/.hunter/_Base/9a3594a/38889d0/2c875e7/Build/GTest/Source/googlemock/include/gmock/gmock-spec-builders.h:75,
                 from C:/.hunter/_Base/9a3594a/38889d0/2c875e7/Build/GTest/Source/googlemock/include/gmock/gmock-generated-function-mockers.h:43,
                 from C:/.hunter/_Base/9a3594a/38889d0/2c875e7/Build/GTest/Source/googlemock/include/gmock/gmock.h:61,
                 from C:\.hunter\_Base\9a3594a\38889d0\2c875e7\Build\GTest\Source\googlemock\src\gmock-all.cc:40:
C:/.hunter/_Base/9a3594a/38889d0/2c875e7/Build/GTest/Source/googlemock/include/gmock/gmock-matchers.h: In instantiation of 'testing::PolymorphicMatcher<Impl>::PolymorphicMatcher(const Impl&) [with Impl = testing::internal::StartsWithMatcher<std::__cxx11::basic_string<char> >]':
C:/.hunter/_Base/9a3594a/38889d0/2c875e7/Build/GTest/Source/googlemock/include/gmock/gmock-matchers.h:497:10:   required from 'testing::PolymorphicMatcher<Impl> testing::MakePolymorphicMatcher(const Impl&) [with Impl = testing::internal::StartsWithMatcher<std::__cxx11::basic_string<char> >]'
C:/.hunter/_Base/9a3594a/38889d0/2c875e7/Build/GTest/Source/googlemock/include/gmock/gmock-matchers.h:4011:55:   required from here
C:/.hunter/_Base/9a3594a/38889d0/2c875e7/Build/GTest/Source/googlemock/include/gmock/gmock-matchers.h:432:67: error: implicitly-declared 'testing::internal::StartsWithMatcher<std::__cxx11::basic_string<char> >::StartsWithMatcher(const testing::internal::StartsWithMatcher<std::__cxx11::basic_string<char> >&)' is deprecated [-Werror=deprecated-copy]
  432 |   explicit PolymorphicMatcher(const Impl& an_impl) : impl_(an_impl) {}
      |                                                                   ^
In file included from C:/.hunter/_Base/9a3594a/38889d0/2c875e7/Build/GTest/Source/googletest/include/gtest/internal/gtest-linked_ptr.h:74,
                 from C:/.hunter/_Base/9a3594a/38889d0/2c875e7/Build/GTest/Source/googlemock/include/gmock/internal/gmock-port.h:53,
                 from C:/.hunter/_Base/9a3594a/38889d0/2c875e7/Build/GTest/Source/googlemock/include/gmock/internal/gmock-generated-internal-utils.h:44,
                 from C:/.hunter/_Base/9a3594a/38889d0/2c875e7/Build/GTest/Source/googlemock/include/gmock/internal/gmock-internal-utils.h:45,
                 from C:/.hunter/_Base/9a3594a/38889d0/2c875e7/Build/GTest/Source/googlemock/include/gmock/gmock-actions.h:46,
                 from C:/.hunter/_Base/9a3594a/38889d0/2c875e7/Build/GTest/Source/googlemock/include/gmock/gmock.h:58,
                 from C:\.hunter\_Base\9a3594a\38889d0\2c875e7\Build\GTest\Source\googlemock\src\gmock-all.cc:40:
C:/.hunter/_Base/9a3594a/38889d0/2c875e7/Build/GTest/Source/googletest/include/gtest/internal/gtest-port.h:908:8: note: because 'testing::internal::StartsWithMatcher<std::__cxx11::basic_string<char> >' has user-provided 'void testing::internal::StartsWithMatcher<StringType>::operator=(const testing::internal::StartsWithMatcher<StringType>&) [with StringType = std::__cxx11::basic_string<char>]'
  908 |   void operator=(type const &)
      |        ^~~~~~~~
C:/.hunter/_Base/9a3594a/38889d0/2c875e7/Build/GTest/Source/googlemock/include/gmock/gmock-matchers.h:1274:3: note: in expansion of macro 'GTEST_DISALLOW_ASSIGN_'
 1274 |   GTEST_DISALLOW_ASSIGN_(StartsWithMatcher);
      |   ^~~~~~~~~~~~~~~~~~~~~~
In file included from C:/.hunter/_Base/9a3594a/38889d0/2c875e7/Build/GTest/Source/googlemock/include/gmock/gmock-spec-builders.h:75,
                 from C:/.hunter/_Base/9a3594a/38889d0/2c875e7/Build/GTest/Source/googlemock/include/gmock/gmock-generated-function-mockers.h:43,
                 from C:/.hunter/_Base/9a3594a/38889d0/2c875e7/Build/GTest/Source/googlemock/include/gmock/gmock.h:61,
                 from C:\.hunter\_Base\9a3594a\38889d0\2c875e7\Build\GTest\Source\googlemock\src\gmock-all.cc:40:
C:/.hunter/_Base/9a3594a/38889d0/2c875e7/Build/GTest/Source/googlemock/include/gmock/gmock-matchers.h: In instantiation of 'testing::PolymorphicMatcher<Impl>::PolymorphicMatcher(const Impl&) [with Impl = testing::internal::EndsWithMatcher<std::__cxx11::basic_string<char> >]':
C:/.hunter/_Base/9a3594a/38889d0/2c875e7/Build/GTest/Source/googlemock/include/gmock/gmock-matchers.h:497:10:   required from 'testing::PolymorphicMatcher<Impl> testing::MakePolymorphicMatcher(const Impl&) [with Impl = testing::internal::EndsWithMatcher<std::__cxx11::basic_string<char> >]'
C:/.hunter/_Base/9a3594a/38889d0/2c875e7/Build/GTest/Source/googlemock/include/gmock/gmock-matchers.h:4017:79:   required from here
C:/.hunter/_Base/9a3594a/38889d0/2c875e7/Build/GTest/Source/googlemock/include/gmock/gmock-matchers.h:432:67: error: implicitly-declared 'testing::internal::EndsWithMatcher<std::__cxx11::basic_string<char> >::EndsWithMatcher(const testing::internal::EndsWithMatcher<std::__cxx11::basic_string<char> >&)' is deprecated [-Werror=deprecated-copy]
  432 |   explicit PolymorphicMatcher(const Impl& an_impl) : impl_(an_impl) {}
      |                                                                   ^
In file included from C:/.hunter/_Base/9a3594a/38889d0/2c875e7/Build/GTest/Source/googletest/include/gtest/internal/gtest-linked_ptr.h:74,
                 from C:/.hunter/_Base/9a3594a/38889d0/2c875e7/Build/GTest/Source/googlemock/include/gmock/internal/gmock-port.h:53,
                 from C:/.hunter/_Base/9a3594a/38889d0/2c875e7/Build/GTest/Source/googlemock/include/gmock/internal/gmock-generated-internal-utils.h:44,
                 from C:/.hunter/_Base/9a3594a/38889d0/2c875e7/Build/GTest/Source/googlemock/include/gmock/internal/gmock-internal-utils.h:45,
                 from C:/.hunter/_Base/9a3594a/38889d0/2c875e7/Build/GTest/Source/googlemock/include/gmock/gmock-actions.h:46,
                 from C:/.hunter/_Base/9a3594a/38889d0/2c875e7/Build/GTest/Source/googlemock/include/gmock/gmock.h:58,
                 from C:\.hunter\_Base\9a3594a\38889d0\2c875e7\Build\GTest\Source\googlemock\src\gmock-all.cc:40:
C:/.hunter/_Base/9a3594a/38889d0/2c875e7/Build/GTest/Source/googletest/include/gtest/internal/gtest-port.h:908:8: note: because 'testing::internal::EndsWithMatcher<std::__cxx11::basic_string<char> >' has user-provided 'void testing::internal::EndsWithMatcher<StringType>::operator=(const testing::internal::EndsWithMatcher<StringType>&) [with StringType = std::__cxx11::basic_string<char>]'
  908 |   void operator=(type const &)
      |        ^~~~~~~~
C:/.hunter/_Base/9a3594a/38889d0/2c875e7/Build/GTest/Source/googlemock/include/gmock/gmock-matchers.h:1320:3: note: in expansion of macro 'GTEST_DISALLOW_ASSIGN_'
 1320 |   GTEST_DISALLOW_ASSIGN_(EndsWithMatcher);
      |   ^~~~~~~~~~~~~~~~~~~~~~
In file included from C:/.hunter/_Base/9a3594a/38889d0/2c875e7/Build/GTest/Source/googlemock/include/gmock/gmock-spec-builders.h:75,
                 from C:/.hunter/_Base/9a3594a/38889d0/2c875e7/Build/GTest/Source/googlemock/include/gmock/gmock-generated-function-mockers.h:43,
                 from C:/.hunter/_Base/9a3594a/38889d0/2c875e7/Build/GTest/Source/googlemock/include/gmock/gmock.h:61,
                 from C:\.hunter\_Base\9a3594a\38889d0\2c875e7\Build\GTest\Source\googlemock\src\gmock-all.cc:40:
C:/.hunter/_Base/9a3594a/38889d0/2c875e7/Build/GTest/Source/googlemock/include/gmock/gmock-matchers.h: In instantiation of 'testing::PolymorphicMatcher<Impl>::PolymorphicMatcher(const Impl&) [with Impl = testing::internal::MatchesRegexMatcher]':
C:/.hunter/_Base/9a3594a/38889d0/2c875e7/Build/GTest/Source/googlemock/include/gmock/gmock-matchers.h:497:10:   required from 'testing::PolymorphicMatcher<Impl> testing::MakePolymorphicMatcher(const Impl&) [with Impl = testing::internal::MatchesRegexMatcher]'
C:/.hunter/_Base/9a3594a/38889d0/2c875e7/Build/GTest/Source/googlemock/include/gmock/gmock-matchers.h:4024:75:   required from here
C:/.hunter/_Base/9a3594a/38889d0/2c875e7/Build/GTest/Source/googlemock/include/gmock/gmock-matchers.h:432:67: error: implicitly-declared 'testing::internal::MatchesRegexMatcher::MatchesRegexMatcher(const testing::internal::MatchesRegexMatcher&)' is deprecated [-Werror=deprecated-copy]
  432 |   explicit PolymorphicMatcher(const Impl& an_impl) : impl_(an_impl) {}
      |                                                                   ^
In file included from C:/.hunter/_Base/9a3594a/38889d0/2c875e7/Build/GTest/Source/googletest/include/gtest/internal/gtest-linked_ptr.h:74,
                 from C:/.hunter/_Base/9a3594a/38889d0/2c875e7/Build/GTest/Source/googlemock/include/gmock/internal/gmock-port.h:53,
                 from C:/.hunter/_Base/9a3594a/38889d0/2c875e7/Build/GTest/Source/googlemock/include/gmock/internal/gmock-generated-internal-utils.h:44,
                 from C:/.hunter/_Base/9a3594a/38889d0/2c875e7/Build/GTest/Source/googlemock/include/gmock/internal/gmock-internal-utils.h:45,
                 from C:/.hunter/_Base/9a3594a/38889d0/2c875e7/Build/GTest/Source/googlemock/include/gmock/gmock-actions.h:46,
                 from C:/.hunter/_Base/9a3594a/38889d0/2c875e7/Build/GTest/Source/googlemock/include/gmock/gmock.h:58,
                 from C:\.hunter\_Base\9a3594a\38889d0\2c875e7\Build\GTest\Source\googlemock\src\gmock-all.cc:40:
C:/.hunter/_Base/9a3594a/38889d0/2c875e7/Build/GTest/Source/googletest/include/gtest/internal/gtest-port.h:908:8: note: because 'testing::internal::MatchesRegexMatcher' has user-provided 'void testing::internal::MatchesRegexMatcher::operator=(const testing::internal::MatchesRegexMatcher&)'
  908 |   void operator=(type const &)
      |        ^~~~~~~~
C:/.hunter/_Base/9a3594a/38889d0/2c875e7/Build/GTest/Source/googlemock/include/gmock/gmock-matchers.h:1369:3: note: in expansion of macro 'GTEST_DISALLOW_ASSIGN_'
 1369 |   GTEST_DISALLOW_ASSIGN_(MatchesRegexMatcher);
      |   ^~~~~~~~~~~~~~~~~~~~~~
In file included from C:/.hunter/_Base/9a3594a/38889d0/2c875e7/Build/GTest/Source/googlemock/include/gmock/gmock-spec-builders.h:75,
                 from C:/.hunter/_Base/9a3594a/38889d0/2c875e7/Build/GTest/Source/googlemock/include/gmock/gmock-generated-function-mockers.h:43,
                 from C:/.hunter/_Base/9a3594a/38889d0/2c875e7/Build/GTest/Source/googlemock/include/gmock/gmock.h:61,
                 from C:\.hunter\_Base\9a3594a\38889d0\2c875e7\Build\GTest\Source\googlemock\src\gmock-all.cc:40:
C:/.hunter/_Base/9a3594a/38889d0/2c875e7/Build/GTest/Source/googlemock/include/gmock/gmock-matchers.h: In instantiation of 'testing::PolymorphicMatcher<Impl>::PolymorphicMatcher(const Impl&) [with Impl = testing::internal::StrEqualityMatcher<std::__cxx11::basic_string<wchar_t> >]':
C:/.hunter/_Base/9a3594a/38889d0/2c875e7/Build/GTest/Source/googlemock/include/gmock/gmock-matchers.h:497:10:   required from 'testing::PolymorphicMatcher<Impl> testing::MakePolymorphicMatcher(const Impl&) [with Impl = testing::internal::StrEqualityMatcher<std::__cxx11::basic_string<wchar_t> >]'
C:/.hunter/_Base/9a3594a/38889d0/2c875e7/Build/GTest/Source/googlemock/include/gmock/gmock-matchers.h:4049:23:   required from here
C:/.hunter/_Base/9a3594a/38889d0/2c875e7/Build/GTest/Source/googlemock/include/gmock/gmock-matchers.h:432:67: error: implicitly-declared 'testing::internal::StrEqualityMatcher<std::__cxx11::basic_string<wchar_t> >::StrEqualityMatcher(const testing::internal::StrEqualityMatcher<std::__cxx11::basic_string<wchar_t> >&)' is deprecated [-Werror=deprecated-copy]
  432 |   explicit PolymorphicMatcher(const Impl& an_impl) : impl_(an_impl) {}
      |                                                                   ^
In file included from C:/.hunter/_Base/9a3594a/38889d0/2c875e7/Build/GTest/Source/googletest/include/gtest/internal/gtest-linked_ptr.h:74,
                 from C:/.hunter/_Base/9a3594a/38889d0/2c875e7/Build/GTest/Source/googlemock/include/gmock/internal/gmock-port.h:53,
                 from C:/.hunter/_Base/9a3594a/38889d0/2c875e7/Build/GTest/Source/googlemock/include/gmock/internal/gmock-generated-internal-utils.h:44,
                 from C:/.hunter/_Base/9a3594a/38889d0/2c875e7/Build/GTest/Source/googlemock/include/gmock/internal/gmock-internal-utils.h:45,
                 from C:/.hunter/_Base/9a3594a/38889d0/2c875e7/Build/GTest/Source/googlemock/include/gmock/gmock-actions.h:46,
                 from C:/.hunter/_Base/9a3594a/38889d0/2c875e7/Build/GTest/Source/googlemock/include/gmock/gmock.h:58,
                 from C:\.hunter\_Base\9a3594a\38889d0\2c875e7\Build\GTest\Source\googlemock\src\gmock-all.cc:40:
C:/.hunter/_Base/9a3594a/38889d0/2c875e7/Build/GTest/Source/googletest/include/gtest/internal/gtest-port.h:908:8: note: because 'testing::internal::StrEqualityMatcher<std::__cxx11::basic_string<wchar_t> >' has user-provided 'void testing::internal::StrEqualityMatcher<StringType>::operator=(const testing::internal::StrEqualityMatcher<StringType>&) [with StringType = std::__cxx11::basic_string<wchar_t>]'
  908 |   void operator=(type const &)
      |        ^~~~~~~~
C:/.hunter/_Base/9a3594a/38889d0/2c875e7/Build/GTest/Source/googlemock/include/gmock/gmock-matchers.h:1180:3: note: in expansion of macro 'GTEST_DISALLOW_ASSIGN_'
 1180 |   GTEST_DISALLOW_ASSIGN_(StrEqualityMatcher);
      |   ^~~~~~~~~~~~~~~~~~~~~~
In file included from C:/.hunter/_Base/9a3594a/38889d0/2c875e7/Build/GTest/Source/googlemock/include/gmock/gmock-spec-builders.h:75,
                 from C:/.hunter/_Base/9a3594a/38889d0/2c875e7/Build/GTest/Source/googlemock/include/gmock/gmock-generated-function-mockers.h:43,
                 from C:/.hunter/_Base/9a3594a/38889d0/2c875e7/Build/GTest/Source/googlemock/include/gmock/gmock.h:61,
                 from C:\.hunter\_Base\9a3594a\38889d0\2c875e7\Build\GTest\Source\googlemock\src\gmock-all.cc:40:
C:/.hunter/_Base/9a3594a/38889d0/2c875e7/Build/GTest/Source/googlemock/include/gmock/gmock-matchers.h: In instantiation of 'testing::PolymorphicMatcher<Impl>::PolymorphicMatcher(const Impl&) [with Impl = testing::internal::HasSubstrMatcher<std::__cxx11::basic_string<wchar_t> >]':
C:/.hunter/_Base/9a3594a/38889d0/2c875e7/Build/GTest/Source/googlemock/include/gmock/gmock-matchers.h:497:10:   required from 'testing::PolymorphicMatcher<Impl> testing::MakePolymorphicMatcher(const Impl&) [with Impl = testing::internal::HasSubstrMatcher<std::__cxx11::basic_string<wchar_t> >]'
C:/.hunter/_Base/9a3594a/38889d0/2c875e7/Build/GTest/Source/googlemock/include/gmock/gmock-matchers.h:4078:17:   required from here
C:/.hunter/_Base/9a3594a/38889d0/2c875e7/Build/GTest/Source/googlemock/include/gmock/gmock-matchers.h:432:67: error: implicitly-declared 'testing::internal::HasSubstrMatcher<std::__cxx11::basic_string<wchar_t> >::HasSubstrMatcher(const testing::internal::HasSubstrMatcher<std::__cxx11::basic_string<wchar_t> >&)' is deprecated [-Werror=deprecated-copy]
  432 |   explicit PolymorphicMatcher(const Impl& an_impl) : impl_(an_impl) {}
      |                                                                   ^
In file included from C:/.hunter/_Base/9a3594a/38889d0/2c875e7/Build/GTest/Source/googletest/include/gtest/internal/gtest-linked_ptr.h:74,
                 from C:/.hunter/_Base/9a3594a/38889d0/2c875e7/Build/GTest/Source/googlemock/include/gmock/internal/gmock-port.h:53,
                 from C:/.hunter/_Base/9a3594a/38889d0/2c875e7/Build/GTest/Source/googlemock/include/gmock/internal/gmock-generated-internal-utils.h:44,
                 from C:/.hunter/_Base/9a3594a/38889d0/2c875e7/Build/GTest/Source/googlemock/include/gmock/internal/gmock-internal-utils.h:45,
                 from C:/.hunter/_Base/9a3594a/38889d0/2c875e7/Build/GTest/Source/googlemock/include/gmock/gmock-actions.h:46,
                 from C:/.hunter/_Base/9a3594a/38889d0/2c875e7/Build/GTest/Source/googlemock/include/gmock/gmock.h:58,
                 from C:\.hunter\_Base\9a3594a\38889d0\2c875e7\Build\GTest\Source\googlemock\src\gmock-all.cc:40:
C:/.hunter/_Base/9a3594a/38889d0/2c875e7/Build/GTest/Source/googletest/include/gtest/internal/gtest-port.h:908:8: note: because 'testing::internal::HasSubstrMatcher<std::__cxx11::basic_string<wchar_t> >' has user-provided 'void testing::internal::HasSubstrMatcher<StringType>::operator=(const testing::internal::HasSubstrMatcher<StringType>&) [with StringType = std::__cxx11::basic_string<wchar_t>]'
  908 |   void operator=(type const &)
      |        ^~~~~~~~
C:/.hunter/_Base/9a3594a/38889d0/2c875e7/Build/GTest/Source/googlemock/include/gmock/gmock-matchers.h:1227:3: note: in expansion of macro 'GTEST_DISALLOW_ASSIGN_'
 1227 |   GTEST_DISALLOW_ASSIGN_(HasSubstrMatcher);
      |   ^~~~~~~~~~~~~~~~~~~~~~
In file included from C:/.hunter/_Base/9a3594a/38889d0/2c875e7/Build/GTest/Source/googlemock/include/gmock/gmock-spec-builders.h:75,
                 from C:/.hunter/_Base/9a3594a/38889d0/2c875e7/Build/GTest/Source/googlemock/include/gmock/gmock-generated-function-mockers.h:43,
                 from C:/.hunter/_Base/9a3594a/38889d0/2c875e7/Build/GTest/Source/googlemock/include/gmock/gmock.h:61,
                 from C:\.hunter\_Base\9a3594a\38889d0\2c875e7\Build\GTest\Source\googlemock\src\gmock-all.cc:40:
C:/.hunter/_Base/9a3594a/38889d0/2c875e7/Build/GTest/Source/googlemock/include/gmock/gmock-matchers.h: In instantiation of 'testing::PolymorphicMatcher<Impl>::PolymorphicMatcher(const Impl&) [with Impl = testing::internal::StartsWithMatcher<std::__cxx11::basic_string<wchar_t> >]':
C:/.hunter/_Base/9a3594a/38889d0/2c875e7/Build/GTest/Source/googlemock/include/gmock/gmock-matchers.h:497:10:   required from 'testing::PolymorphicMatcher<Impl> testing::MakePolymorphicMatcher(const Impl&) [with Impl = testing::internal::StartsWithMatcher<std::__cxx11::basic_string<wchar_t> >]'
C:/.hunter/_Base/9a3594a/38889d0/2c875e7/Build/GTest/Source/googlemock/include/gmock/gmock-matchers.h:4085:14:   required from here
C:/.hunter/_Base/9a3594a/38889d0/2c875e7/Build/GTest/Source/googlemock/include/gmock/gmock-matchers.h:432:67: error: implicitly-declared 'testing::internal::StartsWithMatcher<std::__cxx11::basic_string<wchar_t> >::StartsWithMatcher(const testing::internal::StartsWithMatcher<std::__cxx11::basic_string<wchar_t> >&)' is deprecated [-Werror=deprecated-copy]
  432 |   explicit PolymorphicMatcher(const Impl& an_impl) : impl_(an_impl) {}
      |                                                                   ^
In file included from C:/.hunter/_Base/9a3594a/38889d0/2c875e7/Build/GTest/Source/googletest/include/gtest/internal/gtest-linked_ptr.h:74,
                 from C:/.hunter/_Base/9a3594a/38889d0/2c875e7/Build/GTest/Source/googlemock/include/gmock/internal/gmock-port.h:53,
                 from C:/.hunter/_Base/9a3594a/38889d0/2c875e7/Build/GTest/Source/googlemock/include/gmock/internal/gmock-generated-internal-utils.h:44,
                 from C:/.hunter/_Base/9a3594a/38889d0/2c875e7/Build/GTest/Source/googlemock/include/gmock/internal/gmock-internal-utils.h:45,
                 from C:/.hunter/_Base/9a3594a/38889d0/2c875e7/Build/GTest/Source/googlemock/include/gmock/gmock-actions.h:46,
                 from C:/.hunter/_Base/9a3594a/38889d0/2c875e7/Build/GTest/Source/googlemock/include/gmock/gmock.h:58,
                 from C:\.hunter\_Base\9a3594a\38889d0\2c875e7\Build\GTest\Source\googlemock\src\gmock-all.cc:40:
C:/.hunter/_Base/9a3594a/38889d0/2c875e7/Build/GTest/Source/googletest/include/gtest/internal/gtest-port.h:908:8: note: because 'testing::internal::StartsWithMatcher<std::__cxx11::basic_string<wchar_t> >' has user-provided 'void testing::internal::StartsWithMatcher<StringType>::operator=(const testing::internal::StartsWithMatcher<StringType>&) [with StringType = std::__cxx11::basic_string<wchar_t>]'
  908 |   void operator=(type const &)
      |        ^~~~~~~~
C:/.hunter/_Base/9a3594a/38889d0/2c875e7/Build/GTest/Source/googlemock/include/gmock/gmock-matchers.h:1274:3: note: in expansion of macro 'GTEST_DISALLOW_ASSIGN_'
 1274 |   GTEST_DISALLOW_ASSIGN_(StartsWithMatcher);
      |   ^~~~~~~~~~~~~~~~~~~~~~
In file included from C:/.hunter/_Base/9a3594a/38889d0/2c875e7/Build/GTest/Source/googlemock/include/gmock/gmock-spec-builders.h:75,
                 from C:/.hunter/_Base/9a3594a/38889d0/2c875e7/Build/GTest/Source/googlemock/include/gmock/gmock-generated-function-mockers.h:43,
                 from C:/.hunter/_Base/9a3594a/38889d0/2c875e7/Build/GTest/Source/googlemock/include/gmock/gmock.h:61,
                 from C:\.hunter\_Base\9a3594a\38889d0\2c875e7\Build\GTest\Source\googlemock\src\gmock-all.cc:40:
C:/.hunter/_Base/9a3594a/38889d0/2c875e7/Build/GTest/Source/googlemock/include/gmock/gmock-matchers.h: In instantiation of 'testing::PolymorphicMatcher<Impl>::PolymorphicMatcher(const Impl&) [with Impl = testing::internal::EndsWithMatcher<std::__cxx11::basic_string<wchar_t> >]':
C:/.hunter/_Base/9a3594a/38889d0/2c875e7/Build/GTest/Source/googlemock/include/gmock/gmock-matchers.h:497:10:   required from 'testing::PolymorphicMatcher<Impl> testing::MakePolymorphicMatcher(const Impl&) [with Impl = testing::internal::EndsWithMatcher<std::__cxx11::basic_string<wchar_t> >]'
C:/.hunter/_Base/9a3594a/38889d0/2c875e7/Build/GTest/Source/googlemock/include/gmock/gmock-matchers.h:4092:14:   required from here
C:/.hunter/_Base/9a3594a/38889d0/2c875e7/Build/GTest/Source/googlemock/include/gmock/gmock-matchers.h:432:67: error: implicitly-declared 'testing::internal::EndsWithMatcher<std::__cxx11::basic_string<wchar_t> >::EndsWithMatcher(const testing::internal::EndsWithMatcher<std::__cxx11::basic_string<wchar_t> >&)' is deprecated [-Werror=deprecated-copy]
  432 |   explicit PolymorphicMatcher(const Impl& an_impl) : impl_(an_impl) {}
      |                                                                   ^
In file included from C:/.hunter/_Base/9a3594a/38889d0/2c875e7/Build/GTest/Source/googletest/include/gtest/internal/gtest-linked_ptr.h:74,
                 from C:/.hunter/_Base/9a3594a/38889d0/2c875e7/Build/GTest/Source/googlemock/include/gmock/internal/gmock-port.h:53,
                 from C:/.hunter/_Base/9a3594a/38889d0/2c875e7/Build/GTest/Source/googlemock/include/gmock/internal/gmock-generated-internal-utils.h:44,
                 from C:/.hunter/_Base/9a3594a/38889d0/2c875e7/Build/GTest/Source/googlemock/include/gmock/internal/gmock-internal-utils.h:45,
                 from C:/.hunter/_Base/9a3594a/38889d0/2c875e7/Build/GTest/Source/googlemock/include/gmock/gmock-actions.h:46,
                 from C:/.hunter/_Base/9a3594a/38889d0/2c875e7/Build/GTest/Source/googlemock/include/gmock/gmock.h:58,
                 from C:\.hunter\_Base\9a3594a\38889d0\2c875e7\Build\GTest\Source\googlemock\src\gmock-all.cc:40:
C:/.hunter/_Base/9a3594a/38889d0/2c875e7/Build/GTest/Source/googletest/include/gtest/internal/gtest-port.h:908:8: note: because 'testing::internal::EndsWithMatcher<std::__cxx11::basic_string<wchar_t> >' has user-provided 'void testing::internal::EndsWithMatcher<StringType>::operator=(const testing::internal::EndsWithMatcher<StringType>&) [with StringType = std::__cxx11::basic_string<wchar_t>]'
  908 |   void operator=(type const &)
      |        ^~~~~~~~
C:/.hunter/_Base/9a3594a/38889d0/2c875e7/Build/GTest/Source/googlemock/include/gmock/gmock-matchers.h:1320:3: note: in expansion of macro 'GTEST_DISALLOW_ASSIGN_'
 1320 |   GTEST_DISALLOW_ASSIGN_(EndsWithMatcher);
      |   ^~~~~~~~~~~~~~~~~~~~~~
cc1plus.exe: all warnings being treated as errors
googlemock\CMakeFiles\gmock.dir\build.make:76: recipe for target 'googlemock/CMakeFiles/gmock.dir/src/gmock-all.cc.obj' failed
mingw32-make.exe[5]: *** [googlemock/CMakeFiles/gmock.dir/src/gmock-all.cc.obj] Error 1
mingw32-make.exe[5]: *** Waiting for unfinished jobs....
cc1plus.exe: all warnings being treated as errors
googlemock\CMakeFiles\gmock_main.dir\build.make:76: recipe for target 'googlemock/CMakeFiles/gmock_main.dir/src/gmock-all.cc.obj' failed
mingw32-make.exe[5]: *** [googlemock/CMakeFiles/gmock_main.dir/src/gmock-all.cc.obj] Error 1
cc1plus.exe: all warnings being treated as errors
googlemock\gtest\CMakeFiles\gtest.dir\build.make:62: recipe for target 'googlemock/gtest/CMakeFiles/gtest.dir/src/gtest-all.cc.obj' failed
mingw32-make.exe[5]: *** [googlemock/gtest/CMakeFiles/gtest.dir/src/gtest-all.cc.obj] Error 1
CMakeFiles\Makefile2:170: recipe for target 'googlemock/gtest/CMakeFiles/gtest.dir/all' failed
mingw32-make.exe[4]: *** [googlemock/gtest/CMakeFiles/gtest.dir/all] Error 2
mingw32-make.exe[4]: *** Waiting for unfinished jobs....
cc1plus.exe: all warnings being treated as errors
cc1plus.exe: all warnings being treated as errors
googlemock\CMakeFiles\gmock.dir\build.make:62: recipe for target 'googlemock/CMakeFiles/gmock.dir/__/googletest/src/gtest-all.cc.obj' failed
mingw32-make.exe[5]: *** [googlemock/CMakeFiles/gmock.dir/__/googletest/src/gtest-all.cc.obj] Error 1
googlemock\CMakeFiles\gmock_main.dir\build.make:62: recipe for target 'googlemock/CMakeFiles/gmock_main.dir/__/googletest/src/gtest-all.cc.obj' failed
mingw32-make.exe[5]: *** [googlemock/CMakeFiles/gmock_main.dir/__/googletest/src/gtest-all.cc.obj] Error 1
CMakeFiles\Makefile2:123: recipe for target 'googlemock/CMakeFiles/gmock.dir/all' failed
mingw32-make.exe[4]: *** [googlemock/CMakeFiles/gmock.dir/all] Error 2
CMakeFiles\Makefile2:96: recipe for target 'googlemock/CMakeFiles/gmock_main.dir/all' failed
mingw32-make.exe[4]: *** [googlemock/CMakeFiles/gmock_main.dir/all] Error 2
Makefile:139: recipe for target 'all' failed
mingw32-make.exe[3]: *** [all] Error 2
CMakeFiles\GTest-Release.dir\build.make:114: recipe for target 'GTest-Release-prefix/src/GTest-Release-stamp/GTest-Release-build' failed
mingw32-make.exe[2]: *** [GTest-Release-prefix/src/GTest-Release-stamp/GTest-Release-build] Error 2
CMakeFiles\Makefile2:76: recipe for target 'CMakeFiles/GTest-Release.dir/all' failed
mingw32-make.exe[1]: *** [CMakeFiles/GTest-Release.dir/all] Error 2
Makefile:82: recipe for target 'all' failed
mingw32-make.exe: *** [all] Error 2

[hunter ** FATAL ERROR **] Build step failed (dir: C:/.hunter/_Base/9a3594a/38889d0/2c875e7/Build/GTest
[hunter ** FATAL ERROR **] [Directory:C:/.hunter/_Base/Download/Hunter/0.23.218/9a3594a/Unpacked/cmake/projects/GTest]

------------------------------ ERROR -----------------------------
    https://docs.hunter.sh/en/latest/reference/errors/error.external.build.failed.html
------------------------------------------------------------------

CMake Error at C:/.hunter/_Base/Download/Hunter/0.23.218/9a3594a/Unpacked/cmake/modules/hunter_error_page.cmake:12 (message):
Call Stack (most recent call first):
  C:/.hunter/_Base/Download/Hunter/0.23.218/9a3594a/Unpacked/cmake/modules/hunter_fatal_error.cmake:20 (hunter_error_page)
  C:/.hunter/_Base/Download/Hunter/0.23.218/9a3594a/Unpacked/cmake/modules/hunter_download.cmake:617 (hunter_fatal_error)
  C:/.hunter/_Base/Download/Hunter/0.23.218/9a3594a/Unpacked/cmake/projects/GTest/hunter.cmake:244 (hunter_download)
  C:/.hunter/_Base/Download/Hunter/0.23.218/9a3594a/Unpacked/cmake/modules/hunter_add_package.cmake:62 (include)
  CMakeLists.txt:28 (hunter_add_package)


-- Configuring incomplete, errors occurred!
See also "D:/Labs/lab-08-asio-client/cmake-build-debug/CMakeFiles/CMakeOutput.log".
